[8.454s] Invoking command in '/home/arno/RoombaV2Onboard/src/rover_stream': PYTHONPATH=/home/arno/RoombaV2Onboard/build/rover_stream/prefix_override:/usr/lib/python3/dist-packages/colcon_core/task/python/colcon_distutils_commands:/home/arno/RoombaV2Onboard/install/rover_stream/lib/python3.10/site-packages:${PYTHONPATH} /usr/bin/python3 -W ignore:setup.py install is deprecated setup.py egg_info --egg-base ../../build/rover_stream build --build-base /home/arno/RoombaV2Onboard/build/rover_stream/build install --record /home/arno/RoombaV2Onboard/build/rover_stream/install.log --single-version-externally-managed install_data
[10.768s] running egg_info
[10.773s] writing ../../build/rover_stream/rover_stream.egg-info/PKG-INFO
[10.775s] writing dependency_links to ../../build/rover_stream/rover_stream.egg-info/dependency_links.txt
[10.778s] writing entry points to ../../build/rover_stream/rover_stream.egg-info/entry_points.txt
[10.780s] writing requirements to ../../build/rover_stream/rover_stream.egg-info/requires.txt
[10.782s] writing top-level names to ../../build/rover_stream/rover_stream.egg-info/top_level.txt
[10.801s] reading manifest file '../../build/rover_stream/rover_stream.egg-info/SOURCES.txt'
[10.809s] writing manifest file '../../build/rover_stream/rover_stream.egg-info/SOURCES.txt'
[10.811s] running build
[10.812s] running build_py
[10.816s] running install
[10.818s] running install_lib
[10.829s] running install_data
[10.831s] running install_egg_info
[10.847s] removing '/home/arno/RoombaV2Onboard/install/rover_stream/lib/python3.10/site-packages/rover_stream-0.0.0-py3.10.egg-info' (and everything under it)
[10.850s] Copying ../../build/rover_stream/rover_stream.egg-info to /home/arno/RoombaV2Onboard/install/rover_stream/lib/python3.10/site-packages/rover_stream-0.0.0-py3.10.egg-info
[10.865s] running install_scripts
[11.046s] Installing webrtc_streamer script to /home/arno/RoombaV2Onboard/install/rover_stream/lib/rover_stream
[11.050s] writing list of installed files to '/home/arno/RoombaV2Onboard/build/rover_stream/install.log'
[11.418s] Invoked command in '/home/arno/RoombaV2Onboard/src/rover_stream' returned '0': PYTHONPATH=/home/arno/RoombaV2Onboard/build/rover_stream/prefix_override:/usr/lib/python3/dist-packages/colcon_core/task/python/colcon_distutils_commands:/home/arno/RoombaV2Onboard/install/rover_stream/lib/python3.10/site-packages:${PYTHONPATH} /usr/bin/python3 -W ignore:setup.py install is deprecated setup.py egg_info --egg-base ../../build/rover_stream build --build-base /home/arno/RoombaV2Onboard/build/rover_stream/build install --record /home/arno/RoombaV2Onboard/build/rover_stream/install.log --single-version-externally-managed install_data
