[1.006s] DEBUG:colcon:Command line arguments: ['/usr/bin/colcon', 'build']
[1.007s] DEBUG:colcon:Parsed command line arguments: Namespace(log_base=None, log_level=None, verb_name='build', build_base='build', install_base='install', merge_install=False, symlink_install=False, test_result_base=None, continue_on_error=False, executor='parallel', parallel_workers=4, event_handlers=None, ignore_user_meta=False, metas=['./colcon.meta'], base_paths=['.'], packages_ignore=None, packages_ignore_regex=None, paths=None, packages_up_to=None, packages_up_to_regex=None, packages_above=None, packages_above_and_dependencies=None, packages_above_depth=None, packages_select_by_dep=None, packages_skip_by_dep=None, packages_skip_up_to=None, packages_select_build_failed=False, packages_skip_build_finished=False, packages_select_test_failures=False, packages_skip_test_passed=False, packages_select=None, packages_skip=None, packages_select_regex=None, packages_skip_regex=None, packages_start=None, packages_end=None, allow_overriding=[], cmake_args=None, cmake_target=None, cmake_target_skip_unavailable=False, cmake_clean_cache=False, cmake_clean_first=False, cmake_force_configure=False, ament_cmake_args=None, catkin_cmake_args=None, catkin_skip_building_tests=False, mixin_files=None, mixin=None, verb_parser=<colcon_mixin.mixin.mixin_argument.MixinArgumentDecorator object at 0xffffa0facdf0>, verb_extension=<colcon_core.verb.build.BuildVerb object at 0xffffa10e9540>, main=<bound method BuildVerb.main of <colcon_core.verb.build.BuildVerb object at 0xffffa10e9540>>, mixin_verb=('build',))
[2.554s] Level 1:colcon.colcon_core.package_discovery:discover_packages(colcon_meta) check parameters
[2.555s] Level 1:colcon.colcon_core.package_discovery:discover_packages(recursive) check parameters
[2.555s] Level 1:colcon.colcon_core.package_discovery:discover_packages(ignore) check parameters
[2.555s] Level 1:colcon.colcon_core.package_discovery:discover_packages(path) check parameters
[2.555s] Level 1:colcon.colcon_core.package_discovery:discover_packages(colcon_meta) discover
[2.556s] Level 1:colcon.colcon_core.package_discovery:discover_packages(recursive) discover
[2.556s] INFO:colcon.colcon_core.package_discovery:Crawling recursively for packages in '/home/arno/RoombaV2Onboard'
[2.557s] Level 1:colcon.colcon_core.package_identification:_identify(.) by extensions ['ignore', 'ignore_ament_install']
[2.558s] Level 1:colcon.colcon_core.package_identification:_identify(.) by extension 'ignore'
[2.558s] Level 1:colcon.colcon_core.package_identification:_identify(.) by extension 'ignore_ament_install'
[2.559s] Level 1:colcon.colcon_core.package_identification:_identify(.) by extensions ['colcon_pkg']
[2.559s] Level 1:colcon.colcon_core.package_identification:_identify(.) by extension 'colcon_pkg'
[2.559s] Level 1:colcon.colcon_core.package_identification:_identify(.) by extensions ['colcon_meta']
[2.559s] Level 1:colcon.colcon_core.package_identification:_identify(.) by extension 'colcon_meta'
[2.560s] Level 1:colcon.colcon_core.package_identification:_identify(.) by extensions ['ros']
[2.560s] Level 1:colcon.colcon_core.package_identification:_identify(.) by extension 'ros'
[2.664s] Level 1:colcon.colcon_core.package_identification:_identify(.) by extensions ['cmake', 'python']
[2.664s] Level 1:colcon.colcon_core.package_identification:_identify(.) by extension 'cmake'
[2.665s] Level 1:colcon.colcon_core.package_identification:_identify(.) by extension 'python'
[2.666s] Level 1:colcon.colcon_core.package_identification:_identify(.) by extensions ['python_setup_py']
[2.666s] Level 1:colcon.colcon_core.package_identification:_identify(.) by extension 'python_setup_py'
[2.667s] Level 1:colcon.colcon_core.package_identification:_identify(build) by extensions ['ignore', 'ignore_ament_install']
[2.668s] Level 1:colcon.colcon_core.package_identification:_identify(build) by extension 'ignore'
[2.668s] Level 1:colcon.colcon_core.package_identification:_identify(build) ignored
[2.670s] Level 1:colcon.colcon_core.package_identification:_identify(install) by extensions ['ignore', 'ignore_ament_install']
[2.671s] Level 1:colcon.colcon_core.package_identification:_identify(install) by extension 'ignore'
[2.671s] Level 1:colcon.colcon_core.package_identification:_identify(install) ignored
[2.673s] Level 1:colcon.colcon_core.package_identification:_identify(log) by extensions ['ignore', 'ignore_ament_install']
[2.674s] Level 1:colcon.colcon_core.package_identification:_identify(log) by extension 'ignore'
[2.674s] Level 1:colcon.colcon_core.package_identification:_identify(log) ignored
[2.675s] Level 1:colcon.colcon_core.package_identification:_identify(src) by extensions ['ignore', 'ignore_ament_install']
[2.676s] Level 1:colcon.colcon_core.package_identification:_identify(src) by extension 'ignore'
[2.676s] Level 1:colcon.colcon_core.package_identification:_identify(src) by extension 'ignore_ament_install'
[2.677s] Level 1:colcon.colcon_core.package_identification:_identify(src) by extensions ['colcon_pkg']
[2.677s] Level 1:colcon.colcon_core.package_identification:_identify(src) by extension 'colcon_pkg'
[2.678s] Level 1:colcon.colcon_core.package_identification:_identify(src) by extensions ['colcon_meta']
[2.678s] Level 1:colcon.colcon_core.package_identification:_identify(src) by extension 'colcon_meta'
[2.679s] Level 1:colcon.colcon_core.package_identification:_identify(src) by extensions ['ros']
[2.679s] Level 1:colcon.colcon_core.package_identification:_identify(src) by extension 'ros'
[2.680s] Level 1:colcon.colcon_core.package_identification:_identify(src) by extensions ['cmake', 'python']
[2.680s] Level 1:colcon.colcon_core.package_identification:_identify(src) by extension 'cmake'
[2.680s] Level 1:colcon.colcon_core.package_identification:_identify(src) by extension 'python'
[2.681s] Level 1:colcon.colcon_core.package_identification:_identify(src) by extensions ['python_setup_py']
[2.681s] Level 1:colcon.colcon_core.package_identification:_identify(src) by extension 'python_setup_py'
[2.682s] Level 1:colcon.colcon_core.package_identification:_identify(src/RoverReceive) by extensions ['ignore', 'ignore_ament_install']
[2.683s] Level 1:colcon.colcon_core.package_identification:_identify(src/RoverReceive) by extension 'ignore'
[2.684s] Level 1:colcon.colcon_core.package_identification:_identify(src/RoverReceive) by extension 'ignore_ament_install'
[2.684s] Level 1:colcon.colcon_core.package_identification:_identify(src/RoverReceive) by extensions ['colcon_pkg']
[2.684s] Level 1:colcon.colcon_core.package_identification:_identify(src/RoverReceive) by extension 'colcon_pkg'
[2.685s] Level 1:colcon.colcon_core.package_identification:_identify(src/RoverReceive) by extensions ['colcon_meta']
[2.685s] Level 1:colcon.colcon_core.package_identification:_identify(src/RoverReceive) by extension 'colcon_meta'
[2.686s] Level 1:colcon.colcon_core.package_identification:_identify(src/RoverReceive) by extensions ['ros']
[2.686s] Level 1:colcon.colcon_core.package_identification:_identify(src/RoverReceive) by extension 'ros'
[2.707s] DEBUG:colcon.colcon_core.package_identification:Package 'src/RoverReceive' with type 'ros.ament_python' and name 'RoverReceive'
[2.708s] Level 1:colcon.colcon_core.package_identification:_identify(src/rover_stream) by extensions ['ignore', 'ignore_ament_install']
[2.709s] Level 1:colcon.colcon_core.package_identification:_identify(src/rover_stream) by extension 'ignore'
[2.710s] Level 1:colcon.colcon_core.package_identification:_identify(src/rover_stream) by extension 'ignore_ament_install'
[2.710s] Level 1:colcon.colcon_core.package_identification:_identify(src/rover_stream) by extensions ['colcon_pkg']
[2.711s] Level 1:colcon.colcon_core.package_identification:_identify(src/rover_stream) by extension 'colcon_pkg'
[2.711s] Level 1:colcon.colcon_core.package_identification:_identify(src/rover_stream) by extensions ['colcon_meta']
[2.712s] Level 1:colcon.colcon_core.package_identification:_identify(src/rover_stream) by extension 'colcon_meta'
[2.712s] Level 1:colcon.colcon_core.package_identification:_identify(src/rover_stream) by extensions ['ros']
[2.712s] Level 1:colcon.colcon_core.package_identification:_identify(src/rover_stream) by extension 'ros'
[2.718s] DEBUG:colcon.colcon_core.package_identification:Package 'src/rover_stream' with type 'ros.ament_python' and name 'rover_stream'
[2.718s] Level 1:colcon.colcon_core.package_discovery:discover_packages(recursive) using defaults
[2.719s] Level 1:colcon.colcon_core.package_discovery:discover_packages(ignore) discover
[2.719s] Level 1:colcon.colcon_core.package_discovery:discover_packages(ignore) using defaults
[2.719s] Level 1:colcon.colcon_core.package_discovery:discover_packages(path) discover
[2.720s] Level 1:colcon.colcon_core.package_discovery:discover_packages(path) using defaults
[2.894s] Level 1:colcon.colcon_core.package_discovery:discover_packages(prefix_path) check parameters
[2.894s] Level 1:colcon.colcon_core.package_discovery:discover_packages(prefix_path) discover
[2.912s] DEBUG:colcon.colcon_installed_package_information.package_discovery:Found 2 installed packages in /home/arno/RoombaV2Onboard/install
[2.916s] DEBUG:colcon.colcon_installed_package_information.package_discovery:Found 2 installed packages in /home/arno/install
[2.929s] DEBUG:colcon.colcon_installed_package_information.package_discovery:Found 181 installed packages in /opt/ros/humble
[2.939s] Level 1:colcon.colcon_core.package_discovery:discover_packages(prefix_path) using defaults
[3.214s] Level 5:colcon.colcon_core.verb:set package 'RoverReceive' build argument 'cmake_args' from command line to 'None'
[3.215s] Level 5:colcon.colcon_core.verb:set package 'RoverReceive' build argument 'cmake_target' from command line to 'None'
[3.215s] Level 5:colcon.colcon_core.verb:set package 'RoverReceive' build argument 'cmake_target_skip_unavailable' from command line to 'False'
[3.215s] Level 5:colcon.colcon_core.verb:set package 'RoverReceive' build argument 'cmake_clean_cache' from command line to 'False'
[3.215s] Level 5:colcon.colcon_core.verb:set package 'RoverReceive' build argument 'cmake_clean_first' from command line to 'False'
[3.216s] Level 5:colcon.colcon_core.verb:set package 'RoverReceive' build argument 'cmake_force_configure' from command line to 'False'
[3.216s] Level 5:colcon.colcon_core.verb:set package 'RoverReceive' build argument 'ament_cmake_args' from command line to 'None'
[3.216s] Level 5:colcon.colcon_core.verb:set package 'RoverReceive' build argument 'catkin_cmake_args' from command line to 'None'
[3.216s] Level 5:colcon.colcon_core.verb:set package 'RoverReceive' build argument 'catkin_skip_building_tests' from command line to 'False'
[3.217s] DEBUG:colcon.colcon_core.verb:Building package 'RoverReceive' with the following arguments: {'ament_cmake_args': None, 'build_base': '/home/arno/RoombaV2Onboard/build/RoverReceive', 'catkin_cmake_args': None, 'catkin_skip_building_tests': False, 'cmake_args': None, 'cmake_clean_cache': False, 'cmake_clean_first': False, 'cmake_force_configure': False, 'cmake_target': None, 'cmake_target_skip_unavailable': False, 'install_base': '/home/arno/RoombaV2Onboard/install/RoverReceive', 'merge_install': False, 'path': '/home/arno/RoombaV2Onboard/src/RoverReceive', 'symlink_install': False, 'test_result_base': None}
[3.220s] Level 5:colcon.colcon_core.verb:set package 'rover_stream' build argument 'cmake_args' from command line to 'None'
[3.221s] Level 5:colcon.colcon_core.verb:set package 'rover_stream' build argument 'cmake_target' from command line to 'None'
[3.221s] Level 5:colcon.colcon_core.verb:set package 'rover_stream' build argument 'cmake_target_skip_unavailable' from command line to 'False'
[3.221s] Level 5:colcon.colcon_core.verb:set package 'rover_stream' build argument 'cmake_clean_cache' from command line to 'False'
[3.221s] Level 5:colcon.colcon_core.verb:set package 'rover_stream' build argument 'cmake_clean_first' from command line to 'False'
[3.222s] Level 5:colcon.colcon_core.verb:set package 'rover_stream' build argument 'cmake_force_configure' from command line to 'False'
[3.222s] Level 5:colcon.colcon_core.verb:set package 'rover_stream' build argument 'ament_cmake_args' from command line to 'None'
[3.222s] Level 5:colcon.colcon_core.verb:set package 'rover_stream' build argument 'catkin_cmake_args' from command line to 'None'
[3.222s] Level 5:colcon.colcon_core.verb:set package 'rover_stream' build argument 'catkin_skip_building_tests' from command line to 'False'
[3.223s] DEBUG:colcon.colcon_core.verb:Building package 'rover_stream' with the following arguments: {'ament_cmake_args': None, 'build_base': '/home/arno/RoombaV2Onboard/build/rover_stream', 'catkin_cmake_args': None, 'catkin_skip_building_tests': False, 'cmake_args': None, 'cmake_clean_cache': False, 'cmake_clean_first': False, 'cmake_force_configure': False, 'cmake_target': None, 'cmake_target_skip_unavailable': False, 'install_base': '/home/arno/RoombaV2Onboard/install/rover_stream', 'merge_install': False, 'path': '/home/arno/RoombaV2Onboard/src/rover_stream', 'symlink_install': False, 'test_result_base': None}
[3.224s] INFO:colcon.colcon_core.executor:Executing jobs using 'parallel' executor
[3.231s] DEBUG:colcon.colcon_parallel_executor.executor.parallel:run_until_complete
[3.233s] INFO:colcon.colcon_ros.task.ament_python.build:Building ROS package in '/home/arno/RoombaV2Onboard/src/RoverReceive' with build type 'ament_python'
[3.234s] Level 1:colcon.colcon_core.shell:create_environment_hook('RoverReceive', 'ament_prefix_path')
[3.255s] INFO:colcon.colcon_core.plugin_system:Skipping extension 'colcon_core.shell.bat': Not used on non-Windows systems
[3.257s] INFO:colcon.colcon_core.shell:Creating environment hook '/home/arno/RoombaV2Onboard/install/RoverReceive/share/RoverReceive/hook/ament_prefix_path.ps1'
[3.263s] INFO:colcon.colcon_core.shell:Creating environment descriptor '/home/arno/RoombaV2Onboard/install/RoverReceive/share/RoverReceive/hook/ament_prefix_path.dsv'
[3.267s] INFO:colcon.colcon_core.shell:Creating environment hook '/home/arno/RoombaV2Onboard/install/RoverReceive/share/RoverReceive/hook/ament_prefix_path.sh'
[3.274s] INFO:colcon.colcon_core.shell:Skip shell extension 'powershell' for command environment: Not usable outside of PowerShell
[3.274s] DEBUG:colcon.colcon_core.shell:Skip shell extension 'dsv' for command environment
[3.308s] INFO:colcon.colcon_ros.task.ament_python.build:Building ROS package in '/home/arno/RoombaV2Onboard/src/rover_stream' with build type 'ament_python'
[3.309s] Level 1:colcon.colcon_core.shell:create_environment_hook('rover_stream', 'ament_prefix_path')
[3.312s] INFO:colcon.colcon_core.shell:Creating environment hook '/home/arno/RoombaV2Onboard/install/rover_stream/share/rover_stream/hook/ament_prefix_path.ps1'
[3.316s] INFO:colcon.colcon_core.shell:Creating environment descriptor '/home/arno/RoombaV2Onboard/install/rover_stream/share/rover_stream/hook/ament_prefix_path.dsv'
[3.320s] INFO:colcon.colcon_core.shell:Creating environment hook '/home/arno/RoombaV2Onboard/install/rover_stream/share/rover_stream/hook/ament_prefix_path.sh'
[3.326s] INFO:colcon.colcon_core.shell:Skip shell extension 'powershell' for command environment: Not usable outside of PowerShell
[3.327s] DEBUG:colcon.colcon_core.shell:Skip shell extension 'dsv' for command environment
[5.743s] INFO:colcon.colcon_core.task.python.build:Building Python package in '/home/arno/RoombaV2Onboard/src/RoverReceive'
[5.745s] INFO:colcon.colcon_core.shell:Skip shell extension 'powershell' for command environment: Not usable outside of PowerShell
[5.745s] DEBUG:colcon.colcon_core.shell:Skip shell extension 'dsv' for command environment
[8.208s] INFO:colcon.colcon_core.task.python.build:Building Python package in '/home/arno/RoombaV2Onboard/src/rover_stream'
[8.210s] INFO:colcon.colcon_core.shell:Skip shell extension 'powershell' for command environment: Not usable outside of PowerShell
[8.210s] DEBUG:colcon.colcon_core.shell:Skip shell extension 'dsv' for command environment
[12.200s] DEBUG:colcon.colcon_core.event_handler.log_command:Invoking command in '/home/arno/RoombaV2Onboard/src/RoverReceive': PYTHONPATH=/home/arno/RoombaV2Onboard/build/RoverReceive/prefix_override:/usr/lib/python3/dist-packages/colcon_core/task/python/colcon_distutils_commands:/home/arno/RoombaV2Onboard/install/RoverReceive/lib/python3.10/site-packages:${PYTHONPATH} /usr/bin/python3 -W ignore:setup.py install is deprecated setup.py egg_info --egg-base ../../build/RoverReceive build --build-base /home/arno/RoombaV2Onboard/build/RoverReceive/build install --record /home/arno/RoombaV2Onboard/build/RoverReceive/install.log --single-version-externally-managed install_data
[12.249s] DEBUG:colcon.colcon_core.event_handler.log_command:Invoking command in '/home/arno/RoombaV2Onboard/src/rover_stream': PYTHONPATH=/home/arno/RoombaV2Onboard/build/rover_stream/prefix_override:/usr/lib/python3/dist-packages/colcon_core/task/python/colcon_distutils_commands:/home/arno/RoombaV2Onboard/install/rover_stream/lib/python3.10/site-packages:${PYTHONPATH} /usr/bin/python3 -W ignore:setup.py install is deprecated setup.py egg_info --egg-base ../../build/rover_stream build --build-base /home/arno/RoombaV2Onboard/build/rover_stream/build install --record /home/arno/RoombaV2Onboard/build/rover_stream/install.log --single-version-externally-managed install_data
[15.544s] DEBUG:colcon.colcon_core.event_handler.log_command:Invoked command in '/home/arno/RoombaV2Onboard/src/RoverReceive' returned '0': PYTHONPATH=/home/arno/RoombaV2Onboard/build/RoverReceive/prefix_override:/usr/lib/python3/dist-packages/colcon_core/task/python/colcon_distutils_commands:/home/arno/RoombaV2Onboard/install/RoverReceive/lib/python3.10/site-packages:${PYTHONPATH} /usr/bin/python3 -W ignore:setup.py install is deprecated setup.py egg_info --egg-base ../../build/RoverReceive build --build-base /home/arno/RoombaV2Onboard/build/RoverReceive/build install --record /home/arno/RoombaV2Onboard/build/RoverReceive/install.log --single-version-externally-managed install_data
[15.572s] Level 1:colcon.colcon_core.environment:checking '/home/arno/RoombaV2Onboard/install/RoverReceive' for CMake module files
[15.577s] Level 1:colcon.colcon_core.environment:checking '/home/arno/RoombaV2Onboard/install/RoverReceive' for CMake config files
[15.585s] Level 1:colcon.colcon_core.environment:checking '/home/arno/RoombaV2Onboard/install/RoverReceive/lib'
[15.586s] Level 1:colcon.colcon_core.environment:checking '/home/arno/RoombaV2Onboard/install/RoverReceive/bin'
[15.587s] Level 1:colcon.colcon_core.environment:checking '/home/arno/RoombaV2Onboard/install/RoverReceive/lib/pkgconfig/RoverReceive.pc'
[15.589s] Level 1:colcon.colcon_core.environment:checking '/home/arno/RoombaV2Onboard/install/RoverReceive/lib/python3.10/site-packages'
[15.590s] Level 1:colcon.colcon_core.shell:create_environment_hook('RoverReceive', 'pythonpath')
[15.592s] INFO:colcon.colcon_core.shell:Creating environment hook '/home/arno/RoombaV2Onboard/install/RoverReceive/share/RoverReceive/hook/pythonpath.ps1'
[15.596s] INFO:colcon.colcon_core.shell:Creating environment descriptor '/home/arno/RoombaV2Onboard/install/RoverReceive/share/RoverReceive/hook/pythonpath.dsv'
[15.599s] INFO:colcon.colcon_core.shell:Creating environment hook '/home/arno/RoombaV2Onboard/install/RoverReceive/share/RoverReceive/hook/pythonpath.sh'
[15.605s] Level 1:colcon.colcon_core.environment:checking '/home/arno/RoombaV2Onboard/install/RoverReceive/bin'
[15.606s] Level 1:colcon.colcon_core.environment:create_environment_scripts_only(RoverReceive)
[15.609s] INFO:colcon.colcon_core.shell:Creating package script '/home/arno/RoombaV2Onboard/install/RoverReceive/share/RoverReceive/package.ps1'
[15.618s] INFO:colcon.colcon_core.shell:Creating package descriptor '/home/arno/RoombaV2Onboard/install/RoverReceive/share/RoverReceive/package.dsv'
[15.623s] INFO:colcon.colcon_core.shell:Creating package script '/home/arno/RoombaV2Onboard/install/RoverReceive/share/RoverReceive/package.sh'
[15.631s] INFO:colcon.colcon_core.shell:Creating package script '/home/arno/RoombaV2Onboard/install/RoverReceive/share/RoverReceive/package.bash'
[15.638s] INFO:colcon.colcon_core.shell:Creating package script '/home/arno/RoombaV2Onboard/install/RoverReceive/share/RoverReceive/package.zsh'
[15.645s] Level 1:colcon.colcon_core.environment:create_file_with_runtime_dependencies(/home/arno/RoombaV2Onboard/install/RoverReceive/share/colcon-core/packages/RoverReceive)
[15.656s] Level 1:colcon.colcon_core.environment:checking '/home/arno/RoombaV2Onboard/install/rover_stream' for CMake module files
[15.661s] DEBUG:colcon.colcon_core.event_handler.log_command:Invoked command in '/home/arno/RoombaV2Onboard/src/rover_stream' returned '0': PYTHONPATH=/home/arno/RoombaV2Onboard/build/rover_stream/prefix_override:/usr/lib/python3/dist-packages/colcon_core/task/python/colcon_distutils_commands:/home/arno/RoombaV2Onboard/install/rover_stream/lib/python3.10/site-packages:${PYTHONPATH} /usr/bin/python3 -W ignore:setup.py install is deprecated setup.py egg_info --egg-base ../../build/rover_stream build --build-base /home/arno/RoombaV2Onboard/build/rover_stream/build install --record /home/arno/RoombaV2Onboard/build/rover_stream/install.log --single-version-externally-managed install_data
[15.664s] Level 1:colcon.colcon_core.environment:checking '/home/arno/RoombaV2Onboard/install/rover_stream' for CMake config files
[15.671s] Level 1:colcon.colcon_core.environment:checking '/home/arno/RoombaV2Onboard/install/rover_stream/lib'
[15.673s] Level 1:colcon.colcon_core.environment:checking '/home/arno/RoombaV2Onboard/install/rover_stream/bin'
[15.674s] Level 1:colcon.colcon_core.environment:checking '/home/arno/RoombaV2Onboard/install/rover_stream/lib/pkgconfig/rover_stream.pc'
[15.676s] Level 1:colcon.colcon_core.environment:checking '/home/arno/RoombaV2Onboard/install/rover_stream/lib/python3.10/site-packages'
[15.677s] Level 1:colcon.colcon_core.shell:create_environment_hook('rover_stream', 'pythonpath')
[15.679s] INFO:colcon.colcon_core.shell:Creating environment hook '/home/arno/RoombaV2Onboard/install/rover_stream/share/rover_stream/hook/pythonpath.ps1'
[15.682s] INFO:colcon.colcon_core.shell:Creating environment descriptor '/home/arno/RoombaV2Onboard/install/rover_stream/share/rover_stream/hook/pythonpath.dsv'
[15.686s] INFO:colcon.colcon_core.shell:Creating environment hook '/home/arno/RoombaV2Onboard/install/rover_stream/share/rover_stream/hook/pythonpath.sh'
[15.691s] Level 1:colcon.colcon_core.environment:checking '/home/arno/RoombaV2Onboard/install/rover_stream/bin'
[15.692s] Level 1:colcon.colcon_core.environment:create_environment_scripts_only(rover_stream)
[15.695s] INFO:colcon.colcon_core.shell:Creating package script '/home/arno/RoombaV2Onboard/install/rover_stream/share/rover_stream/package.ps1'
[15.700s] INFO:colcon.colcon_core.shell:Creating package descriptor '/home/arno/RoombaV2Onboard/install/rover_stream/share/rover_stream/package.dsv'
[15.704s] INFO:colcon.colcon_core.shell:Creating package script '/home/arno/RoombaV2Onboard/install/rover_stream/share/rover_stream/package.sh'
[15.709s] INFO:colcon.colcon_core.shell:Creating package script '/home/arno/RoombaV2Onboard/install/rover_stream/share/rover_stream/package.bash'
[15.713s] INFO:colcon.colcon_core.shell:Creating package script '/home/arno/RoombaV2Onboard/install/rover_stream/share/rover_stream/package.zsh'
[15.717s] Level 1:colcon.colcon_core.environment:create_file_with_runtime_dependencies(/home/arno/RoombaV2Onboard/install/rover_stream/share/colcon-core/packages/rover_stream)
[15.720s] DEBUG:colcon.colcon_parallel_executor.executor.parallel:closing loop
[15.723s] DEBUG:colcon.colcon_parallel_executor.executor.parallel:loop closed
[15.724s] DEBUG:colcon.colcon_parallel_executor.executor.parallel:run_until_complete finished with '0'
[15.724s] DEBUG:colcon.colcon_core.event_reactor:joining thread
[15.769s] INFO:colcon.colcon_core.plugin_system:Skipping extension 'colcon_notification.desktop_notification.notify_send': Could not find 'notify-send'
[15.769s] INFO:colcon.colcon_core.plugin_system:Skipping extension 'colcon_notification.desktop_notification.terminal_notifier': Not used on non-Darwin systems
[15.770s] INFO:colcon.colcon_core.plugin_system:Skipping extension 'colcon_notification.desktop_notification.win32': Not used on non-Windows systems
[15.770s] INFO:colcon.colcon_notification.desktop_notification:Sending desktop notification using 'notify2'
[15.776s] DEBUG:colcon.colcon_notification.desktop_notification.notify2:Failed to initialize notify2: org.freedesktop.DBus.Error.ServiceUnknown: The name org.freedesktop.Notifications was not provided by any .service files
[15.777s] DEBUG:colcon.colcon_core.event_reactor:joined thread
[15.779s] INFO:colcon.colcon_core.shell:Creating prefix script '/home/arno/RoombaV2Onboard/install/local_setup.ps1'
[15.787s] INFO:colcon.colcon_core.shell:Creating prefix util module '/home/arno/RoombaV2Onboard/install/_local_setup_util_ps1.py'
[15.801s] INFO:colcon.colcon_core.shell:Creating prefix chain script '/home/arno/RoombaV2Onboard/install/setup.ps1'
[15.812s] INFO:colcon.colcon_core.shell:Creating prefix script '/home/arno/RoombaV2Onboard/install/local_setup.sh'
[15.817s] INFO:colcon.colcon_core.shell:Creating prefix util module '/home/arno/RoombaV2Onboard/install/_local_setup_util_sh.py'
[15.822s] INFO:colcon.colcon_core.shell:Creating prefix chain script '/home/arno/RoombaV2Onboard/install/setup.sh'
[15.834s] INFO:colcon.colcon_core.shell:Creating prefix script '/home/arno/RoombaV2Onboard/install/local_setup.bash'
[15.839s] INFO:colcon.colcon_core.shell:Creating prefix chain script '/home/arno/RoombaV2Onboard/install/setup.bash'
[15.850s] INFO:colcon.colcon_core.shell:Creating prefix script '/home/arno/RoombaV2Onboard/install/local_setup.zsh'
[15.855s] INFO:colcon.colcon_core.shell:Creating prefix chain script '/home/arno/RoombaV2Onboard/install/setup.zsh'
