[8.328s] Invoking command in '/home/arno/RoombaV2Onboard/src/rover_stream': PYTHONPATH=/home/arno/RoombaV2Onboard/build/rover_stream/prefix_override:/usr/lib/python3/dist-packages/colcon_core/task/python/colcon_distutils_commands:/home/arno/RoombaV2Onboard/install/rover_stream/lib/python3.10/site-packages:${PYTHONPATH} /usr/bin/python3 -W ignore:setup.py install is deprecated setup.py egg_info --egg-base ../../build/rover_stream build --build-base /home/arno/RoombaV2Onboard/build/rover_stream/build install --record /home/arno/RoombaV2Onboard/build/rover_stream/install.log --single-version-externally-managed install_data
[10.749s] running egg_info
[10.754s] writing ../../build/rover_stream/rover_stream.egg-info/PKG-INFO
[10.757s] writing dependency_links to ../../build/rover_stream/rover_stream.egg-info/dependency_links.txt
[10.759s] writing entry points to ../../build/rover_stream/rover_stream.egg-info/entry_points.txt
[10.761s] writing requirements to ../../build/rover_stream/rover_stream.egg-info/requires.txt
[10.763s] writing top-level names to ../../build/rover_stream/rover_stream.egg-info/top_level.txt
[10.783s] reading manifest file '../../build/rover_stream/rover_stream.egg-info/SOURCES.txt'
[10.790s] writing manifest file '../../build/rover_stream/rover_stream.egg-info/SOURCES.txt'
[10.792s] running build
[10.794s] running build_py
[10.798s] copying rover_stream/webrtc_streamer.py -> /home/arno/RoombaV2Onboard/build/rover_stream/build/lib/rover_stream
[10.799s] running install
[10.800s] running install_lib
[10.806s] copying /home/arno/RoombaV2Onboard/build/rover_stream/build/lib/rover_stream/webrtc_streamer.py -> /home/arno/RoombaV2Onboard/install/rover_stream/lib/python3.10/site-packages/rover_stream
[10.812s] byte-compiling /home/arno/RoombaV2Onboard/install/rover_stream/lib/python3.10/site-packages/rover_stream/webrtc_streamer.py to webrtc_streamer.cpython-310.pyc
[10.820s] running install_data
[10.821s] running install_egg_info
[10.837s] removing '/home/arno/RoombaV2Onboard/install/rover_stream/lib/python3.10/site-packages/rover_stream-0.0.0-py3.10.egg-info' (and everything under it)
[10.840s] Copying ../../build/rover_stream/rover_stream.egg-info to /home/arno/RoombaV2Onboard/install/rover_stream/lib/python3.10/site-packages/rover_stream-0.0.0-py3.10.egg-info
[10.854s] running install_scripts
[11.036s] Installing webrtc_streamer script to /home/arno/RoombaV2Onboard/install/rover_stream/lib/rover_stream
[11.040s] writing list of installed files to '/home/arno/RoombaV2Onboard/build/rover_stream/install.log'
[11.397s] Invoked command in '/home/arno/RoombaV2Onboard/src/rover_stream' returned '0': PYTHONPATH=/home/arno/RoombaV2Onboard/build/rover_stream/prefix_override:/usr/lib/python3/dist-packages/colcon_core/task/python/colcon_distutils_commands:/home/arno/RoombaV2Onboard/install/rover_stream/lib/python3.10/site-packages:${PYTHONPATH} /usr/bin/python3 -W ignore:setup.py install is deprecated setup.py egg_info --egg-base ../../build/rover_stream build --build-base /home/arno/RoombaV2Onboard/build/rover_stream/build install --record /home/arno/RoombaV2Onboard/build/rover_stream/install.log --single-version-externally-managed install_data
