[9.313s] Invoking command in '/home/arno/RoombaV2Onboard/src/rover_stream': PYTHONPATH=/home/arno/RoombaV2Onboard/build/rover_stream/prefix_override:/usr/lib/python3/dist-packages/colcon_core/task/python/colcon_distutils_commands:/home/arno/RoombaV2Onboard/install/rover_stream/lib/python3.10/site-packages:${PYTHONPATH} /usr/bin/python3 -W ignore:setup.py install is deprecated setup.py egg_info --egg-base ../../build/rover_stream build --build-base /home/arno/RoombaV2Onboard/build/rover_stream/build install --record /home/arno/RoombaV2Onboard/build/rover_stream/install.log --single-version-externally-managed install_data
[11.850s] running egg_info
[11.857s] writing ../../build/rover_stream/rover_stream.egg-info/PKG-INFO
[11.859s] writing dependency_links to ../../build/rover_stream/rover_stream.egg-info/dependency_links.txt
[11.865s] writing entry points to ../../build/rover_stream/rover_stream.egg-info/entry_points.txt
[11.868s] writing requirements to ../../build/rover_stream/rover_stream.egg-info/requires.txt
[11.870s] writing top-level names to ../../build/rover_stream/rover_stream.egg-info/top_level.txt
[11.887s] reading manifest file '../../build/rover_stream/rover_stream.egg-info/SOURCES.txt'
[11.893s] writing manifest file '../../build/rover_stream/rover_stream.egg-info/SOURCES.txt'
[11.895s] running build
[11.896s] running build_py
[11.899s] running install
[11.902s] running install_lib
[11.914s] running install_data
[11.915s] running install_egg_info
[11.932s] removing '/home/arno/RoombaV2Onboard/install/rover_stream/lib/python3.10/site-packages/rover_stream-0.0.0-py3.10.egg-info' (and everything under it)
[11.937s] Copying ../../build/rover_stream/rover_stream.egg-info to /home/arno/RoombaV2Onboard/install/rover_stream/lib/python3.10/site-packages/rover_stream-0.0.0-py3.10.egg-info
[11.951s] running install_scripts
[12.142s] Installing webrtc_streamer script to /home/arno/RoombaV2Onboard/install/rover_stream/lib/rover_stream
[12.146s] writing list of installed files to '/home/arno/RoombaV2Onboard/build/rover_stream/install.log'
[12.490s] Invoked command in '/home/arno/RoombaV2Onboard/src/rover_stream' returned '0': PYTHONPATH=/home/arno/RoombaV2Onboard/build/rover_stream/prefix_override:/usr/lib/python3/dist-packages/colcon_core/task/python/colcon_distutils_commands:/home/arno/RoombaV2Onboard/install/rover_stream/lib/python3.10/site-packages:${PYTHONPATH} /usr/bin/python3 -W ignore:setup.py install is deprecated setup.py egg_info --egg-base ../../build/rover_stream build --build-base /home/arno/RoombaV2Onboard/build/rover_stream/build install --record /home/arno/RoombaV2Onboard/build/rover_stream/install.log --single-version-externally-managed install_data
