[9.104s] Invoking command in '/home/arno/RoombaV2Onboard/src/RoverReceive': PYTHONPATH=/home/arno/RoombaV2Onboard/build/RoverReceive/prefix_override:/usr/lib/python3/dist-packages/colcon_core/task/python/colcon_distutils_commands:/home/arno/RoombaV2Onboard/install/RoverReceive/lib/python3.10/site-packages:${PYTHONPATH} /usr/bin/python3 -W ignore:setup.py install is deprecated setup.py egg_info --egg-base ../../build/RoverReceive build --build-base /home/arno/RoombaV2Onboard/build/RoverReceive/build install --record /home/arno/RoombaV2Onboard/build/RoverReceive/install.log --single-version-externally-managed install_data
[11.507s] running egg_info
[11.513s] writing ../../build/RoverReceive/RoverReceive.egg-info/PKG-INFO
[11.517s] writing dependency_links to ../../build/RoverReceive/RoverReceive.egg-info/dependency_links.txt
[11.519s] writing entry points to ../../build/RoverReceive/RoverReceive.egg-info/entry_points.txt
[11.521s] writing requirements to ../../build/RoverReceive/RoverReceive.egg-info/requires.txt
[11.523s] writing top-level names to ../../build/RoverReceive/RoverReceive.egg-info/top_level.txt
[11.542s] reading manifest file '../../build/RoverReceive/RoverReceive.egg-info/SOURCES.txt'
[11.546s] adding license file 'LICENSE'
[11.553s] writing manifest file '../../build/RoverReceive/RoverReceive.egg-info/SOURCES.txt'
[11.555s] running build
[11.556s] running build_py
[11.560s] running install
[11.564s] running install_lib
[11.577s] running install_data
[11.580s] running install_egg_info
[11.595s] removing '/home/arno/RoombaV2Onboard/install/RoverReceive/lib/python3.10/site-packages/RoverReceive-0.0.0-py3.10.egg-info' (and everything under it)
[11.600s] Copying ../../build/RoverReceive/RoverReceive.egg-info to /home/arno/RoombaV2Onboard/install/RoverReceive/lib/python3.10/site-packages/RoverReceive-0.0.0-py3.10.egg-info
[11.613s] running install_scripts
[11.789s] Installing receive_node script to /home/arno/RoombaV2Onboard/install/RoverReceive/lib/RoverReceive
[11.794s] writing list of installed files to '/home/arno/RoombaV2Onboard/build/RoverReceive/install.log'
[12.204s] Invoked command in '/home/arno/RoombaV2Onboard/src/RoverReceive' returned '0': PYTHONPATH=/home/arno/RoombaV2Onboard/build/RoverReceive/prefix_override:/usr/lib/python3/dist-packages/colcon_core/task/python/colcon_distutils_commands:/home/arno/RoombaV2Onboard/install/RoverReceive/lib/python3.10/site-packages:${PYTHONPATH} /usr/bin/python3 -W ignore:setup.py install is deprecated setup.py egg_info --egg-base ../../build/RoverReceive build --build-base /home/arno/RoombaV2Onboard/build/RoverReceive/build install --record /home/arno/RoombaV2Onboard/build/RoverReceive/install.log --single-version-externally-managed install_data
