[9.159s] Invoking command in '/home/arno/RoombaV2Onboard/src/rover_stream': PYTHONPATH=/home/arno/RoombaV2Onboard/build/rover_stream/prefix_override:/usr/lib/python3/dist-packages/colcon_core/task/python/colcon_distutils_commands:/home/arno/RoombaV2Onboard/install/rover_stream/lib/python3.10/site-packages:${PYTHONPATH} /usr/bin/python3 -W ignore:setup.py install is deprecated setup.py egg_info --egg-base ../../build/rover_stream build --build-base /home/arno/RoombaV2Onboard/build/rover_stream/build install --record /home/arno/RoombaV2Onboard/build/rover_stream/install.log --single-version-externally-managed install_data
[11.883s] running egg_info
[11.889s] writing ../../build/rover_stream/rover_stream.egg-info/PKG-INFO
[11.892s] writing dependency_links to ../../build/rover_stream/rover_stream.egg-info/dependency_links.txt
[11.895s] writing entry points to ../../build/rover_stream/rover_stream.egg-info/entry_points.txt
[11.899s] writing requirements to ../../build/rover_stream/rover_stream.egg-info/requires.txt
[11.900s] writing top-level names to ../../build/rover_stream/rover_stream.egg-info/top_level.txt
[11.919s] reading manifest file '../../build/rover_stream/rover_stream.egg-info/SOURCES.txt'
[11.929s] writing manifest file '../../build/rover_stream/rover_stream.egg-info/SOURCES.txt'
[11.930s] running build
[11.932s] running build_py
[11.933s] copying rover_stream/webrtc_streamer.py -> /home/arno/RoombaV2Onboard/build/rover_stream/build/lib/rover_stream
[11.936s] running install
[11.939s] running install_lib
[11.947s] copying /home/arno/RoombaV2Onboard/build/rover_stream/build/lib/rover_stream/webrtc_streamer.py -> /home/arno/RoombaV2Onboard/install/rover_stream/lib/python3.10/site-packages/rover_stream
[11.954s] byte-compiling /home/arno/RoombaV2Onboard/install/rover_stream/lib/python3.10/site-packages/rover_stream/webrtc_streamer.py to webrtc_streamer.cpython-310.pyc
[11.963s] running install_data
[11.966s] running install_egg_info
[11.981s] removing '/home/arno/RoombaV2Onboard/install/rover_stream/lib/python3.10/site-packages/rover_stream-0.0.0-py3.10.egg-info' (and everything under it)
[11.986s] Copying ../../build/rover_stream/rover_stream.egg-info to /home/arno/RoombaV2Onboard/install/rover_stream/lib/python3.10/site-packages/rover_stream-0.0.0-py3.10.egg-info
[11.999s] running install_scripts
[12.203s] Installing webrtc_streamer script to /home/arno/RoombaV2Onboard/install/rover_stream/lib/rover_stream
[12.207s] writing list of installed files to '/home/arno/RoombaV2Onboard/build/rover_stream/install.log'
[12.584s] Invoked command in '/home/arno/RoombaV2Onboard/src/rover_stream' returned '0': PYTHONPATH=/home/arno/RoombaV2Onboard/build/rover_stream/prefix_override:/usr/lib/python3/dist-packages/colcon_core/task/python/colcon_distutils_commands:/home/arno/RoombaV2Onboard/install/rover_stream/lib/python3.10/site-packages:${PYTHONPATH} /usr/bin/python3 -W ignore:setup.py install is deprecated setup.py egg_info --egg-base ../../build/rover_stream build --build-base /home/arno/RoombaV2Onboard/build/rover_stream/build install --record /home/arno/RoombaV2Onboard/build/rover_stream/install.log --single-version-externally-managed install_data
