[1.005s] DEBUG:colcon:Command line arguments: ['/usr/bin/colcon', 'build']
[1.005s] DEBUG:colcon:Parsed command line arguments: Namespace(log_base=None, log_level=None, verb_name='build', build_base='build', install_base='install', merge_install=False, symlink_install=False, test_result_base=None, continue_on_error=False, executor='parallel', parallel_workers=4, event_handlers=None, ignore_user_meta=False, metas=['./colcon.meta'], base_paths=['.'], packages_ignore=None, packages_ignore_regex=None, paths=None, packages_up_to=None, packages_up_to_regex=None, packages_above=None, packages_above_and_dependencies=None, packages_above_depth=None, packages_select_by_dep=None, packages_skip_by_dep=None, packages_skip_up_to=None, packages_select_build_failed=False, packages_skip_build_finished=False, packages_select_test_failures=False, packages_skip_test_passed=False, packages_select=None, packages_skip=None, packages_select_regex=None, packages_skip_regex=None, packages_start=None, packages_end=None, allow_overriding=[], cmake_args=None, cmake_target=None, cmake_target_skip_unavailable=False, cmake_clean_cache=False, cmake_clean_first=False, cmake_force_configure=False, ament_cmake_args=None, catkin_cmake_args=None, catkin_skip_building_tests=False, mixin_files=None, mixin=None, verb_parser=<colcon_mixin.mixin.mixin_argument.MixinArgumentDecorator object at 0xffffbcf1ca30>, verb_extension=<colcon_core.verb.build.BuildVerb object at 0xffffbd0550f0>, main=<bound method BuildVerb.main of <colcon_core.verb.build.BuildVerb object at 0xffffbd0550f0>>, mixin_verb=('build',))
[2.497s] Level 1:colcon.colcon_core.package_discovery:discover_packages(colcon_meta) check parameters
[2.498s] Level 1:colcon.colcon_core.package_discovery:discover_packages(recursive) check parameters
[2.498s] Level 1:colcon.colcon_core.package_discovery:discover_packages(ignore) check parameters
[2.499s] Level 1:colcon.colcon_core.package_discovery:discover_packages(path) check parameters
[2.499s] Level 1:colcon.colcon_core.package_discovery:discover_packages(colcon_meta) discover
[2.499s] Level 1:colcon.colcon_core.package_discovery:discover_packages(recursive) discover
[2.500s] INFO:colcon.colcon_core.package_discovery:Crawling recursively for packages in '/home/arno/RoombaV2Onboard'
[2.500s] Level 1:colcon.colcon_core.package_identification:_identify(.) by extensions ['ignore', 'ignore_ament_install']
[2.501s] Level 1:colcon.colcon_core.package_identification:_identify(.) by extension 'ignore'
[2.501s] Level 1:colcon.colcon_core.package_identification:_identify(.) by extension 'ignore_ament_install'
[2.502s] Level 1:colcon.colcon_core.package_identification:_identify(.) by extensions ['colcon_pkg']
[2.502s] Level 1:colcon.colcon_core.package_identification:_identify(.) by extension 'colcon_pkg'
[2.503s] Level 1:colcon.colcon_core.package_identification:_identify(.) by extensions ['colcon_meta']
[2.503s] Level 1:colcon.colcon_core.package_identification:_identify(.) by extension 'colcon_meta'
[2.503s] Level 1:colcon.colcon_core.package_identification:_identify(.) by extensions ['ros']
[2.504s] Level 1:colcon.colcon_core.package_identification:_identify(.) by extension 'ros'
[2.595s] Level 1:colcon.colcon_core.package_identification:_identify(.) by extensions ['cmake', 'python']
[2.596s] Level 1:colcon.colcon_core.package_identification:_identify(.) by extension 'cmake'
[2.596s] Level 1:colcon.colcon_core.package_identification:_identify(.) by extension 'python'
[2.596s] Level 1:colcon.colcon_core.package_identification:_identify(.) by extensions ['python_setup_py']
[2.597s] Level 1:colcon.colcon_core.package_identification:_identify(.) by extension 'python_setup_py'
[2.598s] Level 1:colcon.colcon_core.package_identification:_identify(build) by extensions ['ignore', 'ignore_ament_install']
[2.598s] Level 1:colcon.colcon_core.package_identification:_identify(build) by extension 'ignore'
[2.599s] Level 1:colcon.colcon_core.package_identification:_identify(build) ignored
[2.600s] Level 1:colcon.colcon_core.package_identification:_identify(install) by extensions ['ignore', 'ignore_ament_install']
[2.601s] Level 1:colcon.colcon_core.package_identification:_identify(install) by extension 'ignore'
[2.601s] Level 1:colcon.colcon_core.package_identification:_identify(install) ignored
[2.603s] Level 1:colcon.colcon_core.package_identification:_identify(log) by extensions ['ignore', 'ignore_ament_install']
[2.603s] Level 1:colcon.colcon_core.package_identification:_identify(log) by extension 'ignore'
[2.604s] Level 1:colcon.colcon_core.package_identification:_identify(log) ignored
[2.605s] Level 1:colcon.colcon_core.package_identification:_identify(src) by extensions ['ignore', 'ignore_ament_install']
[2.605s] Level 1:colcon.colcon_core.package_identification:_identify(src) by extension 'ignore'
[2.606s] Level 1:colcon.colcon_core.package_identification:_identify(src) by extension 'ignore_ament_install'
[2.606s] Level 1:colcon.colcon_core.package_identification:_identify(src) by extensions ['colcon_pkg']
[2.606s] Level 1:colcon.colcon_core.package_identification:_identify(src) by extension 'colcon_pkg'
[2.607s] Level 1:colcon.colcon_core.package_identification:_identify(src) by extensions ['colcon_meta']
[2.607s] Level 1:colcon.colcon_core.package_identification:_identify(src) by extension 'colcon_meta'
[2.608s] Level 1:colcon.colcon_core.package_identification:_identify(src) by extensions ['ros']
[2.608s] Level 1:colcon.colcon_core.package_identification:_identify(src) by extension 'ros'
[2.609s] Level 1:colcon.colcon_core.package_identification:_identify(src) by extensions ['cmake', 'python']
[2.609s] Level 1:colcon.colcon_core.package_identification:_identify(src) by extension 'cmake'
[2.609s] Level 1:colcon.colcon_core.package_identification:_identify(src) by extension 'python'
[2.610s] Level 1:colcon.colcon_core.package_identification:_identify(src) by extensions ['python_setup_py']
[2.610s] Level 1:colcon.colcon_core.package_identification:_identify(src) by extension 'python_setup_py'
[2.611s] Level 1:colcon.colcon_core.package_identification:_identify(src/RoverReceive) by extensions ['ignore', 'ignore_ament_install']
[2.612s] Level 1:colcon.colcon_core.package_identification:_identify(src/RoverReceive) by extension 'ignore'
[2.612s] Level 1:colcon.colcon_core.package_identification:_identify(src/RoverReceive) by extension 'ignore_ament_install'
[2.613s] Level 1:colcon.colcon_core.package_identification:_identify(src/RoverReceive) by extensions ['colcon_pkg']
[2.613s] Level 1:colcon.colcon_core.package_identification:_identify(src/RoverReceive) by extension 'colcon_pkg'
[2.613s] Level 1:colcon.colcon_core.package_identification:_identify(src/RoverReceive) by extensions ['colcon_meta']
[2.613s] Level 1:colcon.colcon_core.package_identification:_identify(src/RoverReceive) by extension 'colcon_meta'
[2.614s] Level 1:colcon.colcon_core.package_identification:_identify(src/RoverReceive) by extensions ['ros']
[2.614s] Level 1:colcon.colcon_core.package_identification:_identify(src/RoverReceive) by extension 'ros'
[2.633s] DEBUG:colcon.colcon_core.package_identification:Package 'src/RoverReceive' with type 'ros.ament_python' and name 'RoverReceive'
[2.634s] Level 1:colcon.colcon_core.package_identification:_identify(src/rover_stream) by extensions ['ignore', 'ignore_ament_install']
[2.634s] Level 1:colcon.colcon_core.package_identification:_identify(src/rover_stream) by extension 'ignore'
[2.635s] Level 1:colcon.colcon_core.package_identification:_identify(src/rover_stream) by extension 'ignore_ament_install'
[2.636s] Level 1:colcon.colcon_core.package_identification:_identify(src/rover_stream) by extensions ['colcon_pkg']
[2.636s] Level 1:colcon.colcon_core.package_identification:_identify(src/rover_stream) by extension 'colcon_pkg'
[2.636s] Level 1:colcon.colcon_core.package_identification:_identify(src/rover_stream) by extensions ['colcon_meta']
[2.637s] Level 1:colcon.colcon_core.package_identification:_identify(src/rover_stream) by extension 'colcon_meta'
[2.637s] Level 1:colcon.colcon_core.package_identification:_identify(src/rover_stream) by extensions ['ros']
[2.637s] Level 1:colcon.colcon_core.package_identification:_identify(src/rover_stream) by extension 'ros'
[2.641s] DEBUG:colcon.colcon_core.package_identification:Package 'src/rover_stream' with type 'ros.ament_python' and name 'rover_stream'
[2.642s] Level 1:colcon.colcon_core.package_discovery:discover_packages(recursive) using defaults
[2.642s] Level 1:colcon.colcon_core.package_discovery:discover_packages(ignore) discover
[2.643s] Level 1:colcon.colcon_core.package_discovery:discover_packages(ignore) using defaults
[2.643s] Level 1:colcon.colcon_core.package_discovery:discover_packages(path) discover
[2.643s] Level 1:colcon.colcon_core.package_discovery:discover_packages(path) using defaults
[2.811s] Level 1:colcon.colcon_core.package_discovery:discover_packages(prefix_path) check parameters
[2.811s] Level 1:colcon.colcon_core.package_discovery:discover_packages(prefix_path) discover
[2.835s] DEBUG:colcon.colcon_installed_package_information.package_discovery:Found 180 installed packages in /opt/ros/humble
[2.844s] Level 1:colcon.colcon_core.package_discovery:discover_packages(prefix_path) using defaults
[3.091s] Level 5:colcon.colcon_core.verb:set package 'RoverReceive' build argument 'cmake_args' from command line to 'None'
[3.091s] Level 5:colcon.colcon_core.verb:set package 'RoverReceive' build argument 'cmake_target' from command line to 'None'
[3.091s] Level 5:colcon.colcon_core.verb:set package 'RoverReceive' build argument 'cmake_target_skip_unavailable' from command line to 'False'
[3.092s] Level 5:colcon.colcon_core.verb:set package 'RoverReceive' build argument 'cmake_clean_cache' from command line to 'False'
[3.092s] Level 5:colcon.colcon_core.verb:set package 'RoverReceive' build argument 'cmake_clean_first' from command line to 'False'
[3.092s] Level 5:colcon.colcon_core.verb:set package 'RoverReceive' build argument 'cmake_force_configure' from command line to 'False'
[3.092s] Level 5:colcon.colcon_core.verb:set package 'RoverReceive' build argument 'ament_cmake_args' from command line to 'None'
[3.092s] Level 5:colcon.colcon_core.verb:set package 'RoverReceive' build argument 'catkin_cmake_args' from command line to 'None'
[3.093s] Level 5:colcon.colcon_core.verb:set package 'RoverReceive' build argument 'catkin_skip_building_tests' from command line to 'False'
[3.093s] DEBUG:colcon.colcon_core.verb:Building package 'RoverReceive' with the following arguments: {'ament_cmake_args': None, 'build_base': '/home/arno/RoombaV2Onboard/build/RoverReceive', 'catkin_cmake_args': None, 'catkin_skip_building_tests': False, 'cmake_args': None, 'cmake_clean_cache': False, 'cmake_clean_first': False, 'cmake_force_configure': False, 'cmake_target': None, 'cmake_target_skip_unavailable': False, 'install_base': '/home/arno/RoombaV2Onboard/install/RoverReceive', 'merge_install': False, 'path': '/home/arno/RoombaV2Onboard/src/RoverReceive', 'symlink_install': False, 'test_result_base': None}
[3.096s] Level 5:colcon.colcon_core.verb:set package 'rover_stream' build argument 'cmake_args' from command line to 'None'
[3.097s] Level 5:colcon.colcon_core.verb:set package 'rover_stream' build argument 'cmake_target' from command line to 'None'
[3.097s] Level 5:colcon.colcon_core.verb:set package 'rover_stream' build argument 'cmake_target_skip_unavailable' from command line to 'False'
[3.097s] Level 5:colcon.colcon_core.verb:set package 'rover_stream' build argument 'cmake_clean_cache' from command line to 'False'
[3.097s] Level 5:colcon.colcon_core.verb:set package 'rover_stream' build argument 'cmake_clean_first' from command line to 'False'
[3.097s] Level 5:colcon.colcon_core.verb:set package 'rover_stream' build argument 'cmake_force_configure' from command line to 'False'
[3.098s] Level 5:colcon.colcon_core.verb:set package 'rover_stream' build argument 'ament_cmake_args' from command line to 'None'
[3.098s] Level 5:colcon.colcon_core.verb:set package 'rover_stream' build argument 'catkin_cmake_args' from command line to 'None'
[3.098s] Level 5:colcon.colcon_core.verb:set package 'rover_stream' build argument 'catkin_skip_building_tests' from command line to 'False'
[3.098s] DEBUG:colcon.colcon_core.verb:Building package 'rover_stream' with the following arguments: {'ament_cmake_args': None, 'build_base': '/home/arno/RoombaV2Onboard/build/rover_stream', 'catkin_cmake_args': None, 'catkin_skip_building_tests': False, 'cmake_args': None, 'cmake_clean_cache': False, 'cmake_clean_first': False, 'cmake_force_configure': False, 'cmake_target': None, 'cmake_target_skip_unavailable': False, 'install_base': '/home/arno/RoombaV2Onboard/install/rover_stream', 'merge_install': False, 'path': '/home/arno/RoombaV2Onboard/src/rover_stream', 'symlink_install': False, 'test_result_base': None}
[3.099s] INFO:colcon.colcon_core.executor:Executing jobs using 'parallel' executor
[3.105s] DEBUG:colcon.colcon_parallel_executor.executor.parallel:run_until_complete
[3.107s] INFO:colcon.colcon_ros.task.ament_python.build:Building ROS package in '/home/arno/RoombaV2Onboard/src/RoverReceive' with build type 'ament_python'
[3.108s] Level 1:colcon.colcon_core.shell:create_environment_hook('RoverReceive', 'ament_prefix_path')
[3.128s] INFO:colcon.colcon_core.plugin_system:Skipping extension 'colcon_core.shell.bat': Not used on non-Windows systems
[3.131s] INFO:colcon.colcon_core.shell:Creating environment hook '/home/arno/RoombaV2Onboard/install/RoverReceive/share/RoverReceive/hook/ament_prefix_path.ps1'
[3.137s] INFO:colcon.colcon_core.shell:Creating environment descriptor '/home/arno/RoombaV2Onboard/install/RoverReceive/share/RoverReceive/hook/ament_prefix_path.dsv'
[3.140s] INFO:colcon.colcon_core.shell:Creating environment hook '/home/arno/RoombaV2Onboard/install/RoverReceive/share/RoverReceive/hook/ament_prefix_path.sh'
[3.147s] INFO:colcon.colcon_core.shell:Skip shell extension 'powershell' for command environment: Not usable outside of PowerShell
[3.148s] DEBUG:colcon.colcon_core.shell:Skip shell extension 'dsv' for command environment
[3.171s] INFO:colcon.colcon_ros.task.ament_python.build:Building ROS package in '/home/arno/RoombaV2Onboard/src/rover_stream' with build type 'ament_python'
[3.172s] Level 1:colcon.colcon_core.shell:create_environment_hook('rover_stream', 'ament_prefix_path')
[3.175s] INFO:colcon.colcon_core.shell:Creating environment hook '/home/arno/RoombaV2Onboard/install/rover_stream/share/rover_stream/hook/ament_prefix_path.ps1'
[3.179s] INFO:colcon.colcon_core.shell:Creating environment descriptor '/home/arno/RoombaV2Onboard/install/rover_stream/share/rover_stream/hook/ament_prefix_path.dsv'
[3.183s] INFO:colcon.colcon_core.shell:Creating environment hook '/home/arno/RoombaV2Onboard/install/rover_stream/share/rover_stream/hook/ament_prefix_path.sh'
[3.188s] INFO:colcon.colcon_core.shell:Skip shell extension 'powershell' for command environment: Not usable outside of PowerShell
[3.189s] DEBUG:colcon.colcon_core.shell:Skip shell extension 'dsv' for command environment
[5.418s] INFO:colcon.colcon_core.task.python.build:Building Python package in '/home/arno/RoombaV2Onboard/src/RoverReceive'
[5.420s] INFO:colcon.colcon_core.shell:Skip shell extension 'powershell' for command environment: Not usable outside of PowerShell
[5.421s] DEBUG:colcon.colcon_core.shell:Skip shell extension 'dsv' for command environment
[7.644s] INFO:colcon.colcon_core.task.python.build:Building Python package in '/home/arno/RoombaV2Onboard/src/rover_stream'
[7.646s] INFO:colcon.colcon_core.shell:Skip shell extension 'powershell' for command environment: Not usable outside of PowerShell
[7.647s] DEBUG:colcon.colcon_core.shell:Skip shell extension 'dsv' for command environment
[11.221s] DEBUG:colcon.colcon_core.event_handler.log_command:Invoking command in '/home/arno/RoombaV2Onboard/src/RoverReceive': PYTHONPATH=/home/arno/RoombaV2Onboard/build/RoverReceive/prefix_override:/usr/lib/python3/dist-packages/colcon_core/task/python/colcon_distutils_commands:/home/arno/RoombaV2Onboard/install/RoverReceive/lib/python3.10/site-packages:${PYTHONPATH} /usr/bin/python3 -W ignore:setup.py install is deprecated setup.py egg_info --egg-base ../../build/RoverReceive build --build-base /home/arno/RoombaV2Onboard/build/RoverReceive/build install --record /home/arno/RoombaV2Onboard/build/RoverReceive/install.log --single-version-externally-managed install_data
[11.253s] DEBUG:colcon.colcon_core.event_handler.log_command:Invoking command in '/home/arno/RoombaV2Onboard/src/rover_stream': PYTHONPATH=/home/arno/RoombaV2Onboard/build/rover_stream/prefix_override:/usr/lib/python3/dist-packages/colcon_core/task/python/colcon_distutils_commands:/home/arno/RoombaV2Onboard/install/rover_stream/lib/python3.10/site-packages:${PYTHONPATH} /usr/bin/python3 -W ignore:setup.py install is deprecated setup.py egg_info --egg-base ../../build/rover_stream build --build-base /home/arno/RoombaV2Onboard/build/rover_stream/build install --record /home/arno/RoombaV2Onboard/build/rover_stream/install.log --single-version-externally-managed install_data
[14.190s] DEBUG:colcon.colcon_core.event_handler.log_command:Invoked command in '/home/arno/RoombaV2Onboard/src/rover_stream' returned '0': PYTHONPATH=/home/arno/RoombaV2Onboard/build/rover_stream/prefix_override:/usr/lib/python3/dist-packages/colcon_core/task/python/colcon_distutils_commands:/home/arno/RoombaV2Onboard/install/rover_stream/lib/python3.10/site-packages:${PYTHONPATH} /usr/bin/python3 -W ignore:setup.py install is deprecated setup.py egg_info --egg-base ../../build/rover_stream build --build-base /home/arno/RoombaV2Onboard/build/rover_stream/build install --record /home/arno/RoombaV2Onboard/build/rover_stream/install.log --single-version-externally-managed install_data
[14.210s] Level 1:colcon.colcon_core.environment:checking '/home/arno/RoombaV2Onboard/install/rover_stream' for CMake module files
[14.215s] Level 1:colcon.colcon_core.environment:checking '/home/arno/RoombaV2Onboard/install/rover_stream' for CMake config files
[14.222s] Level 1:colcon.colcon_core.environment:checking '/home/arno/RoombaV2Onboard/install/rover_stream/lib'
[14.223s] Level 1:colcon.colcon_core.environment:checking '/home/arno/RoombaV2Onboard/install/rover_stream/bin'
[14.224s] Level 1:colcon.colcon_core.environment:checking '/home/arno/RoombaV2Onboard/install/rover_stream/lib/pkgconfig/rover_stream.pc'
[14.226s] Level 1:colcon.colcon_core.environment:checking '/home/arno/RoombaV2Onboard/install/rover_stream/lib/python3.10/site-packages'
[14.226s] Level 1:colcon.colcon_core.shell:create_environment_hook('rover_stream', 'pythonpath')
[14.228s] INFO:colcon.colcon_core.shell:Creating environment hook '/home/arno/RoombaV2Onboard/install/rover_stream/share/rover_stream/hook/pythonpath.ps1'
[14.233s] INFO:colcon.colcon_core.shell:Creating environment descriptor '/home/arno/RoombaV2Onboard/install/rover_stream/share/rover_stream/hook/pythonpath.dsv'
[14.236s] INFO:colcon.colcon_core.shell:Creating environment hook '/home/arno/RoombaV2Onboard/install/rover_stream/share/rover_stream/hook/pythonpath.sh'
[14.241s] Level 1:colcon.colcon_core.environment:checking '/home/arno/RoombaV2Onboard/install/rover_stream/bin'
[14.242s] Level 1:colcon.colcon_core.environment:create_environment_scripts_only(rover_stream)
[14.244s] INFO:colcon.colcon_core.shell:Creating package script '/home/arno/RoombaV2Onboard/install/rover_stream/share/rover_stream/package.ps1'
[14.251s] INFO:colcon.colcon_core.shell:Creating package descriptor '/home/arno/RoombaV2Onboard/install/rover_stream/share/rover_stream/package.dsv'
[14.256s] INFO:colcon.colcon_core.shell:Creating package script '/home/arno/RoombaV2Onboard/install/rover_stream/share/rover_stream/package.sh'
[14.263s] INFO:colcon.colcon_core.shell:Creating package script '/home/arno/RoombaV2Onboard/install/rover_stream/share/rover_stream/package.bash'
[14.269s] INFO:colcon.colcon_core.shell:Creating package script '/home/arno/RoombaV2Onboard/install/rover_stream/share/rover_stream/package.zsh'
[14.276s] Level 1:colcon.colcon_core.environment:create_file_with_runtime_dependencies(/home/arno/RoombaV2Onboard/install/rover_stream/share/colcon-core/packages/rover_stream)
[14.284s] Level 1:colcon.colcon_core.environment:checking '/home/arno/RoombaV2Onboard/install/RoverReceive' for CMake module files
[14.290s] DEBUG:colcon.colcon_core.event_handler.log_command:Invoked command in '/home/arno/RoombaV2Onboard/src/RoverReceive' returned '0': PYTHONPATH=/home/arno/RoombaV2Onboard/build/RoverReceive/prefix_override:/usr/lib/python3/dist-packages/colcon_core/task/python/colcon_distutils_commands:/home/arno/RoombaV2Onboard/install/RoverReceive/lib/python3.10/site-packages:${PYTHONPATH} /usr/bin/python3 -W ignore:setup.py install is deprecated setup.py egg_info --egg-base ../../build/RoverReceive build --build-base /home/arno/RoombaV2Onboard/build/RoverReceive/build install --record /home/arno/RoombaV2Onboard/build/RoverReceive/install.log --single-version-externally-managed install_data
[14.292s] Level 1:colcon.colcon_core.environment:checking '/home/arno/RoombaV2Onboard/install/RoverReceive' for CMake config files
[14.298s] Level 1:colcon.colcon_core.environment:checking '/home/arno/RoombaV2Onboard/install/RoverReceive/lib'
[14.299s] Level 1:colcon.colcon_core.environment:checking '/home/arno/RoombaV2Onboard/install/RoverReceive/bin'
[14.300s] Level 1:colcon.colcon_core.environment:checking '/home/arno/RoombaV2Onboard/install/RoverReceive/lib/pkgconfig/RoverReceive.pc'
[14.302s] Level 1:colcon.colcon_core.environment:checking '/home/arno/RoombaV2Onboard/install/RoverReceive/lib/python3.10/site-packages'
[14.303s] Level 1:colcon.colcon_core.shell:create_environment_hook('RoverReceive', 'pythonpath')
[14.305s] INFO:colcon.colcon_core.shell:Creating environment hook '/home/arno/RoombaV2Onboard/install/RoverReceive/share/RoverReceive/hook/pythonpath.ps1'
[14.309s] INFO:colcon.colcon_core.shell:Creating environment descriptor '/home/arno/RoombaV2Onboard/install/RoverReceive/share/RoverReceive/hook/pythonpath.dsv'
[14.312s] INFO:colcon.colcon_core.shell:Creating environment hook '/home/arno/RoombaV2Onboard/install/RoverReceive/share/RoverReceive/hook/pythonpath.sh'
[14.317s] Level 1:colcon.colcon_core.environment:checking '/home/arno/RoombaV2Onboard/install/RoverReceive/bin'
[14.318s] Level 1:colcon.colcon_core.environment:create_environment_scripts_only(RoverReceive)
[14.320s] INFO:colcon.colcon_core.shell:Creating package script '/home/arno/RoombaV2Onboard/install/RoverReceive/share/RoverReceive/package.ps1'
[14.324s] INFO:colcon.colcon_core.shell:Creating package descriptor '/home/arno/RoombaV2Onboard/install/RoverReceive/share/RoverReceive/package.dsv'
[14.328s] INFO:colcon.colcon_core.shell:Creating package script '/home/arno/RoombaV2Onboard/install/RoverReceive/share/RoverReceive/package.sh'
[14.333s] INFO:colcon.colcon_core.shell:Creating package script '/home/arno/RoombaV2Onboard/install/RoverReceive/share/RoverReceive/package.bash'
[14.337s] INFO:colcon.colcon_core.shell:Creating package script '/home/arno/RoombaV2Onboard/install/RoverReceive/share/RoverReceive/package.zsh'
[14.340s] Level 1:colcon.colcon_core.environment:create_file_with_runtime_dependencies(/home/arno/RoombaV2Onboard/install/RoverReceive/share/colcon-core/packages/RoverReceive)
[14.343s] DEBUG:colcon.colcon_parallel_executor.executor.parallel:closing loop
[14.345s] DEBUG:colcon.colcon_parallel_executor.executor.parallel:loop closed
[14.346s] DEBUG:colcon.colcon_parallel_executor.executor.parallel:run_until_complete finished with '0'
[14.347s] DEBUG:colcon.colcon_core.event_reactor:joining thread
[14.386s] INFO:colcon.colcon_core.plugin_system:Skipping extension 'colcon_notification.desktop_notification.notify_send': Could not find 'notify-send'
[14.387s] INFO:colcon.colcon_core.plugin_system:Skipping extension 'colcon_notification.desktop_notification.terminal_notifier': Not used on non-Darwin systems
[14.387s] INFO:colcon.colcon_core.plugin_system:Skipping extension 'colcon_notification.desktop_notification.win32': Not used on non-Windows systems
[14.388s] INFO:colcon.colcon_notification.desktop_notification:Sending desktop notification using 'notify2'
[14.393s] DEBUG:colcon.colcon_notification.desktop_notification.notify2:Failed to initialize notify2: org.freedesktop.DBus.Error.ServiceUnknown: The name org.freedesktop.Notifications was not provided by any .service files
[14.394s] DEBUG:colcon.colcon_core.event_reactor:joined thread
[14.396s] INFO:colcon.colcon_core.shell:Creating prefix script '/home/arno/RoombaV2Onboard/install/local_setup.ps1'
[14.404s] INFO:colcon.colcon_core.shell:Creating prefix util module '/home/arno/RoombaV2Onboard/install/_local_setup_util_ps1.py'
[14.415s] INFO:colcon.colcon_core.shell:Creating prefix chain script '/home/arno/RoombaV2Onboard/install/setup.ps1'
[14.423s] INFO:colcon.colcon_core.shell:Creating prefix script '/home/arno/RoombaV2Onboard/install/local_setup.sh'
[14.428s] INFO:colcon.colcon_core.shell:Creating prefix util module '/home/arno/RoombaV2Onboard/install/_local_setup_util_sh.py'
[14.432s] INFO:colcon.colcon_core.shell:Creating prefix chain script '/home/arno/RoombaV2Onboard/install/setup.sh'
[14.441s] INFO:colcon.colcon_core.shell:Creating prefix script '/home/arno/RoombaV2Onboard/install/local_setup.bash'
[14.445s] INFO:colcon.colcon_core.shell:Creating prefix chain script '/home/arno/RoombaV2Onboard/install/setup.bash'
[14.453s] INFO:colcon.colcon_core.shell:Creating prefix script '/home/arno/RoombaV2Onboard/install/local_setup.zsh'
[14.458s] INFO:colcon.colcon_core.shell:Creating prefix chain script '/home/arno/RoombaV2Onboard/install/setup.zsh'
