[5.335s] Invoking command in '/home/arno/RoombaV2Onboard/src/RoverReceive': PYTHONPATH=/home/arno/RoombaV2Onboard/build/RoverReceive/prefix_override:/usr/lib/python3/dist-packages/colcon_core/task/python/colcon_distutils_commands:/home/arno/RoombaV2Onboard/install/RoverReceive/lib/python3.10/site-packages:${PYTHONPATH} /usr/bin/python3 -W ignore:setup.py install is deprecated setup.py egg_info --egg-base ../../build/RoverReceive build --build-base /home/arno/RoombaV2Onboard/build/RoverReceive/build install --record /home/arno/RoombaV2Onboard/build/RoverReceive/install.log --single-version-externally-managed install_data
[7.372s] running egg_info
[7.377s] writing ../../build/RoverReceive/RoverReceive.egg-info/PKG-INFO
[7.379s] writing dependency_links to ../../build/RoverReceive/RoverReceive.egg-info/dependency_links.txt
[7.381s] writing entry points to ../../build/RoverReceive/RoverReceive.egg-info/entry_points.txt
[7.382s] writing requirements to ../../build/RoverReceive/RoverReceive.egg-info/requires.txt
[7.383s] writing top-level names to ../../build/RoverReceive/RoverReceive.egg-info/top_level.txt
[7.398s] reading manifest file '../../build/RoverReceive/RoverReceive.egg-info/SOURCES.txt'
[7.401s] adding license file 'LICENSE'
[7.407s] writing manifest file '../../build/RoverReceive/RoverReceive.egg-info/SOURCES.txt'
[7.408s] running build
[7.409s] running build_py
[7.410s] copying RoverReceive/receive_node.py -> /home/arno/RoombaV2Onboard/build/RoverReceive/build/lib/RoverReceive
[7.412s] running install
[7.415s] running install_lib
[7.421s] copying /home/arno/RoombaV2Onboard/build/RoverReceive/build/lib/RoverReceive/receive_node.py -> /home/arno/RoombaV2Onboard/install/RoverReceive/lib/python3.10/site-packages/RoverReceive
[7.426s] byte-compiling /home/arno/RoombaV2Onboard/install/RoverReceive/lib/python3.10/site-packages/RoverReceive/receive_node.py to receive_node.cpython-310.pyc
[7.431s] running install_data
[7.433s] running install_egg_info
[7.445s] removing '/home/arno/RoombaV2Onboard/install/RoverReceive/lib/python3.10/site-packages/RoverReceive-0.0.0-py3.10.egg-info' (and everything under it)
[7.449s] Copying ../../build/RoverReceive/RoverReceive.egg-info to /home/arno/RoombaV2Onboard/install/RoverReceive/lib/python3.10/site-packages/RoverReceive-0.0.0-py3.10.egg-info
[7.459s] running install_scripts
[7.615s] Installing receive_node script to /home/arno/RoombaV2Onboard/install/RoverReceive/lib/RoverReceive
[7.618s] writing list of installed files to '/home/arno/RoombaV2Onboard/build/RoverReceive/install.log'
[7.846s] Invoked command in '/home/arno/RoombaV2Onboard/src/RoverReceive' returned '0': PYTHONPATH=/home/arno/RoombaV2Onboard/build/RoverReceive/prefix_override:/usr/lib/python3/dist-packages/colcon_core/task/python/colcon_distutils_commands:/home/arno/RoombaV2Onboard/install/RoverReceive/lib/python3.10/site-packages:${PYTHONPATH} /usr/bin/python3 -W ignore:setup.py install is deprecated setup.py egg_info --egg-base ../../build/RoverReceive build --build-base /home/arno/RoombaV2Onboard/build/RoverReceive/build install --record /home/arno/RoombaV2Onboard/build/RoverReceive/install.log --single-version-externally-managed install_data
