[9.348s] Invoking command in '/home/arno/RoombaV2Onboard/src/RoverReceive': PYTHONPATH=/home/arno/RoombaV2Onboard/build/RoverReceive/prefix_override:/usr/lib/python3/dist-packages/colcon_core/task/python/colcon_distutils_commands:/home/arno/RoombaV2Onboard/install/RoverReceive/lib/python3.10/site-packages:${PYTHONPATH} /usr/bin/python3 -W ignore:setup.py install is deprecated setup.py egg_info --egg-base ../../build/RoverReceive build --build-base /home/arno/RoombaV2Onboard/build/RoverReceive/build install --record /home/arno/RoombaV2Onboard/build/RoverReceive/install.log --single-version-externally-managed install_data
[11.734s] running egg_info
[11.739s] writing ../../build/RoverReceive/RoverReceive.egg-info/PKG-INFO
[11.744s] writing dependency_links to ../../build/RoverReceive/RoverReceive.egg-info/dependency_links.txt
[11.747s] writing entry points to ../../build/RoverReceive/RoverReceive.egg-info/entry_points.txt
[11.748s] writing requirements to ../../build/RoverReceive/RoverReceive.egg-info/requires.txt
[11.750s] writing top-level names to ../../build/RoverReceive/RoverReceive.egg-info/top_level.txt
[11.770s] reading manifest file '../../build/RoverReceive/RoverReceive.egg-info/SOURCES.txt'
[11.773s] adding license file 'LICENSE'
[11.780s] writing manifest file '../../build/RoverReceive/RoverReceive.egg-info/SOURCES.txt'
[11.781s] running build
[11.783s] running build_py
[11.787s] copying RoverReceive/receive_node.py -> /home/arno/RoombaV2Onboard/build/RoverReceive/build/lib/RoverReceive
[11.789s] running install
[11.792s] running install_lib
[11.807s] copying /home/arno/RoombaV2Onboard/build/RoverReceive/build/lib/RoverReceive/receive_node.py -> /home/arno/RoombaV2Onboard/install/RoverReceive/lib/python3.10/site-packages/RoverReceive
[11.811s] byte-compiling /home/arno/RoombaV2Onboard/install/RoverReceive/lib/python3.10/site-packages/RoverReceive/receive_node.py to receive_node.cpython-310.pyc
[11.816s] running install_data
[11.821s] running install_egg_info
[11.836s] removing '/home/arno/RoombaV2Onboard/install/RoverReceive/lib/python3.10/site-packages/RoverReceive-0.0.0-py3.10.egg-info' (and everything under it)
[11.840s] Copying ../../build/RoverReceive/RoverReceive.egg-info to /home/arno/RoombaV2Onboard/install/RoverReceive/lib/python3.10/site-packages/RoverReceive-0.0.0-py3.10.egg-info
[11.853s] running install_scripts
[12.028s] Installing receive_node script to /home/arno/RoombaV2Onboard/install/RoverReceive/lib/RoverReceive
[12.036s] writing list of installed files to '/home/arno/RoombaV2Onboard/build/RoverReceive/install.log'
[12.448s] Invoked command in '/home/arno/RoombaV2Onboard/src/RoverReceive' returned '0': PYTHONPATH=/home/arno/RoombaV2Onboard/build/RoverReceive/prefix_override:/usr/lib/python3/dist-packages/colcon_core/task/python/colcon_distutils_commands:/home/arno/RoombaV2Onboard/install/RoverReceive/lib/python3.10/site-packages:${PYTHONPATH} /usr/bin/python3 -W ignore:setup.py install is deprecated setup.py egg_info --egg-base ../../build/RoverReceive build --build-base /home/arno/RoombaV2Onboard/build/RoverReceive/build install --record /home/arno/RoombaV2Onboard/build/RoverReceive/install.log --single-version-externally-managed install_data
