[8.369s] Invoking command in '/home/arno/RoombaV2Onboard/src/RoverReceive': PYTHONPATH=/home/arno/RoombaV2Onboard/build/RoverReceive/prefix_override:/usr/lib/python3/dist-packages/colcon_core/task/python/colcon_distutils_commands:/home/arno/RoombaV2Onboard/install/RoverReceive/lib/python3.10/site-packages:${PYTHONPATH} /usr/bin/python3 -W ignore:setup.py install is deprecated setup.py egg_info --egg-base ../../build/RoverReceive build --build-base /home/arno/RoombaV2Onboard/build/RoverReceive/build install --record /home/arno/RoombaV2Onboard/build/RoverReceive/install.log --single-version-externally-managed install_data
[10.822s] running egg_info
[10.827s] writing ../../build/RoverReceive/RoverReceive.egg-info/PKG-INFO
[10.829s] writing dependency_links to ../../build/RoverReceive/RoverReceive.egg-info/dependency_links.txt
[10.832s] writing entry points to ../../build/RoverReceive/RoverReceive.egg-info/entry_points.txt
[10.834s] writing requirements to ../../build/RoverReceive/RoverReceive.egg-info/requires.txt
[10.835s] writing top-level names to ../../build/RoverReceive/RoverReceive.egg-info/top_level.txt
[10.855s] reading manifest file '../../build/RoverReceive/RoverReceive.egg-info/SOURCES.txt'
[10.859s] adding license file 'LICENSE'
[10.864s] writing manifest file '../../build/RoverReceive/RoverReceive.egg-info/SOURCES.txt'
[10.866s] running build
[10.867s] running build_py
[10.869s] running install
[10.873s] running install_lib
[10.885s] running install_data
[10.886s] running install_egg_info
[10.901s] removing '/home/arno/RoombaV2Onboard/install/RoverReceive/lib/python3.10/site-packages/RoverReceive-0.0.0-py3.10.egg-info' (and everything under it)
[10.905s] Copying ../../build/RoverReceive/RoverReceive.egg-info to /home/arno/RoombaV2Onboard/install/RoverReceive/lib/python3.10/site-packages/RoverReceive-0.0.0-py3.10.egg-info
[10.919s] running install_scripts
[11.100s] Installing receive_node script to /home/arno/RoombaV2Onboard/install/RoverReceive/lib/RoverReceive
[11.104s] writing list of installed files to '/home/arno/RoombaV2Onboard/build/RoverReceive/install.log'
[11.387s] Invoked command in '/home/arno/RoombaV2Onboard/src/RoverReceive' returned '0': PYTHONPATH=/home/arno/RoombaV2Onboard/build/RoverReceive/prefix_override:/usr/lib/python3/dist-packages/colcon_core/task/python/colcon_distutils_commands:/home/arno/RoombaV2Onboard/install/RoverReceive/lib/python3.10/site-packages:${PYTHONPATH} /usr/bin/python3 -W ignore:setup.py install is deprecated setup.py egg_info --egg-base ../../build/RoverReceive build --build-base /home/arno/RoombaV2Onboard/build/RoverReceive/build install --record /home/arno/RoombaV2Onboard/build/RoverReceive/install.log --single-version-externally-managed install_data
