[12.973s] Invoking command in '/home/arno/RoombaV2Onboard/src/RoverReceive': PYTHONPATH=/home/arno/RoombaV2Onboard/build/RoverReceive/prefix_override:/usr/lib/python3/dist-packages/colcon_core/task/python/colcon_distutils_commands:/home/arno/RoombaV2Onboard/install/RoverReceive/lib/python3.10/site-packages:${PYTHONPATH} /usr/bin/python3 -W ignore:setup.py install is deprecated setup.py egg_info --egg-base ../../build/RoverReceive build --build-base /home/arno/RoombaV2Onboard/build/RoverReceive/build install --record /home/arno/RoombaV2Onboard/build/RoverReceive/install.log --single-version-externally-managed install_data
[15.895s] running egg_info
[15.900s] writing ../../build/RoverReceive/RoverReceive.egg-info/PKG-INFO
[15.905s] writing dependency_links to ../../build/RoverReceive/RoverReceive.egg-info/dependency_links.txt
[15.908s] writing entry points to ../../build/RoverReceive/RoverReceive.egg-info/entry_points.txt
[15.910s] writing requirements to ../../build/RoverReceive/RoverReceive.egg-info/requires.txt
[15.913s] writing top-level names to ../../build/RoverReceive/RoverReceive.egg-info/top_level.txt
[15.933s] reading manifest file '../../build/RoverReceive/RoverReceive.egg-info/SOURCES.txt'
[15.937s] adding license file 'LICENSE'
[15.943s] writing manifest file '../../build/RoverReceive/RoverReceive.egg-info/SOURCES.txt'
[15.945s] running build
[15.952s] running build_py
[15.955s] running install
[15.956s] running install_lib
[15.975s] running install_data
[15.979s] running install_egg_info
[15.997s] removing '/home/arno/RoombaV2Onboard/install/RoverReceive/lib/python3.10/site-packages/RoverReceive-0.0.0-py3.10.egg-info' (and everything under it)
[16.001s] Copying ../../build/RoverReceive/RoverReceive.egg-info to /home/arno/RoombaV2Onboard/install/RoverReceive/lib/python3.10/site-packages/RoverReceive-0.0.0-py3.10.egg-info
[16.017s] running install_scripts
[16.201s] Installing receive_node script to /home/arno/RoombaV2Onboard/install/RoverReceive/lib/RoverReceive
[16.207s] writing list of installed files to '/home/arno/RoombaV2Onboard/build/RoverReceive/install.log'
[16.542s] Invoked command in '/home/arno/RoombaV2Onboard/src/RoverReceive' returned '0': PYTHONPATH=/home/arno/RoombaV2Onboard/build/RoverReceive/prefix_override:/usr/lib/python3/dist-packages/colcon_core/task/python/colcon_distutils_commands:/home/arno/RoombaV2Onboard/install/RoverReceive/lib/python3.10/site-packages:${PYTHONPATH} /usr/bin/python3 -W ignore:setup.py install is deprecated setup.py egg_info --egg-base ../../build/RoverReceive build --build-base /home/arno/RoombaV2Onboard/build/RoverReceive/build install --record /home/arno/RoombaV2Onboard/build/RoverReceive/install.log --single-version-externally-managed install_data
