[9.204s] Invoking command in '/home/arno/RoombaV2Onboard/src/RoverReceive': PYTHONPATH=/home/arno/RoombaV2Onboard/build/RoverReceive/prefix_override:/usr/lib/python3/dist-packages/colcon_core/task/python/colcon_distutils_commands:/home/arno/RoombaV2Onboard/install/RoverReceive/lib/python3.10/site-packages:${PYTHONPATH} /usr/bin/python3 -W ignore:setup.py install is deprecated setup.py egg_info --egg-base ../../build/RoverReceive build --build-base /home/arno/RoombaV2Onboard/build/RoverReceive/build install --record /home/arno/RoombaV2Onboard/build/RoverReceive/install.log --single-version-externally-managed install_data
[11.954s] running egg_info
[11.960s] writing ../../build/RoverReceive/RoverReceive.egg-info/PKG-INFO
[11.962s] writing dependency_links to ../../build/RoverReceive/RoverReceive.egg-info/dependency_links.txt
[11.965s] writing entry points to ../../build/RoverReceive/RoverReceive.egg-info/entry_points.txt
[11.967s] writing requirements to ../../build/RoverReceive/RoverReceive.egg-info/requires.txt
[11.969s] writing top-level names to ../../build/RoverReceive/RoverReceive.egg-info/top_level.txt
[11.988s] reading manifest file '../../build/RoverReceive/RoverReceive.egg-info/SOURCES.txt'
[11.993s] adding license file 'LICENSE'
[11.999s] writing manifest file '../../build/RoverReceive/RoverReceive.egg-info/SOURCES.txt'
[12.001s] running build
[12.002s] running build_py
[12.005s] running install
[12.009s] running install_lib
[12.021s] running install_data
[12.022s] running install_egg_info
[12.041s] removing '/home/arno/RoombaV2Onboard/install/RoverReceive/lib/python3.10/site-packages/RoverReceive-0.0.0-py3.10.egg-info' (and everything under it)
[12.046s] Copying ../../build/RoverReceive/RoverReceive.egg-info to /home/arno/RoombaV2Onboard/install/RoverReceive/lib/python3.10/site-packages/RoverReceive-0.0.0-py3.10.egg-info
[12.060s] running install_scripts
[12.263s] Installing receive_node script to /home/arno/RoombaV2Onboard/install/RoverReceive/lib/RoverReceive
[12.267s] writing list of installed files to '/home/arno/RoombaV2Onboard/build/RoverReceive/install.log'
[12.561s] Invoked command in '/home/arno/RoombaV2Onboard/src/RoverReceive' returned '0': PYTHONPATH=/home/arno/RoombaV2Onboard/build/RoverReceive/prefix_override:/usr/lib/python3/dist-packages/colcon_core/task/python/colcon_distutils_commands:/home/arno/RoombaV2Onboard/install/RoverReceive/lib/python3.10/site-packages:${PYTHONPATH} /usr/bin/python3 -W ignore:setup.py install is deprecated setup.py egg_info --egg-base ../../build/RoverReceive build --build-base /home/arno/RoombaV2Onboard/build/RoverReceive/build install --record /home/arno/RoombaV2Onboard/build/RoverReceive/install.log --single-version-externally-managed install_data
