running egg_info
creating ../../build/microver/microver.egg-info
writing ../../build/microver/microver.egg-info/PKG-INFO
writing dependency_links to ../../build/microver/microver.egg-info/dependency_links.txt
writing entry points to ../../build/microver/microver.egg-info/entry_points.txt
writing requirements to ../../build/microver/microver.egg-info/requires.txt
writing top-level names to ../../build/microver/microver.egg-info/top_level.txt
writing manifest file '../../build/microver/microver.egg-info/SOURCES.txt'
reading manifest file '../../build/microver/microver.egg-info/SOURCES.txt'
writing manifest file '../../build/microver/microver.egg-info/SOURCES.txt'
running build
running build_py
creating /home/arno/RoombaV2Onboard/build/microver/build
creating /home/arno/RoombaV2Onboard/build/microver/build/lib
creating /home/arno/RoombaV2Onboard/build/microver/build/lib/microver
copying microver/__init__.py -> /home/arno/RoombaV2Onboard/build/microver/build/lib/microver
running install
running install_lib
creating /home/arno/RoombaV2Onboard/install/microver/lib/python3.10/site-packages/microver
copying /home/arno/RoombaV2Onboard/build/microver/build/lib/microver/__init__.py -> /home/arno/RoombaV2Onboard/install/microver/lib/python3.10/site-packages/microver
byte-compiling /home/arno/RoombaV2Onboard/install/microver/lib/python3.10/site-packages/microver/__init__.py to __init__.cpython-310.pyc
running install_data
creating /home/arno/RoombaV2Onboard/install/microver/share/ament_index
creating /home/arno/RoombaV2Onboard/install/microver/share/ament_index/resource_index
creating /home/arno/RoombaV2Onboard/install/microver/share/ament_index/resource_index/packages
copying resource/microver -> /home/arno/RoombaV2Onboard/install/microver/share/ament_index/resource_index/packages
copying package.xml -> /home/arno/RoombaV2Onboard/install/microver/share/microver
running install_egg_info
Copying ../../build/microver/microver.egg-info to /home/arno/RoombaV2Onboard/install/microver/lib/python3.10/site-packages/microver-0.0.0-py3.10.egg-info
running install_scripts
writing list of installed files to '/home/arno/RoombaV2Onboard/build/microver/install.log'
