[8.939s] Invoking command in '/home/arno/RoombaV2Onboard/src/rover_stream': PYTHONPATH=/home/arno/RoombaV2Onboard/build/rover_stream/prefix_override:/usr/lib/python3/dist-packages/colcon_core/task/python/colcon_distutils_commands:/home/arno/RoombaV2Onboard/install/rover_stream/lib/python3.10/site-packages:${PYTHONPATH} /usr/bin/python3 -W ignore:setup.py install is deprecated setup.py egg_info --egg-base ../../build/rover_stream build --build-base /home/arno/RoombaV2Onboard/build/rover_stream/build install --record /home/arno/RoombaV2Onboard/build/rover_stream/install.log --single-version-externally-managed install_data
[11.647s] running egg_info
[11.653s] writing ../../build/rover_stream/rover_stream.egg-info/PKG-INFO
[11.656s] writing dependency_links to ../../build/rover_stream/rover_stream.egg-info/dependency_links.txt
[11.658s] writing entry points to ../../build/rover_stream/rover_stream.egg-info/entry_points.txt
[11.661s] writing requirements to ../../build/rover_stream/rover_stream.egg-info/requires.txt
[11.662s] writing top-level names to ../../build/rover_stream/rover_stream.egg-info/top_level.txt
[11.682s] reading manifest file '../../build/rover_stream/rover_stream.egg-info/SOURCES.txt'
[11.693s] writing manifest file '../../build/rover_stream/rover_stream.egg-info/SOURCES.txt'
[11.694s] running build
[11.696s] running build_py
[11.697s] copying rover_stream/webrtc_streamer.py -> /home/arno/RoombaV2Onboard/build/rover_stream/build/lib/rover_stream
[11.702s] running install
[11.703s] running install_lib
[11.710s] copying /home/arno/RoombaV2Onboard/build/rover_stream/build/lib/rover_stream/webrtc_streamer.py -> /home/arno/RoombaV2Onboard/install/rover_stream/lib/python3.10/site-packages/rover_stream
[11.718s] byte-compiling /home/arno/RoombaV2Onboard/install/rover_stream/lib/python3.10/site-packages/rover_stream/webrtc_streamer.py to webrtc_streamer.cpython-310.pyc
[11.726s] running install_data
[11.727s] running install_egg_info
[11.745s] removing '/home/arno/RoombaV2Onboard/install/rover_stream/lib/python3.10/site-packages/rover_stream-0.0.0-py3.10.egg-info' (and everything under it)
[11.748s] Copying ../../build/rover_stream/rover_stream.egg-info to /home/arno/RoombaV2Onboard/install/rover_stream/lib/python3.10/site-packages/rover_stream-0.0.0-py3.10.egg-info
[11.762s] running install_scripts
[11.966s] Installing webrtc_streamer script to /home/arno/RoombaV2Onboard/install/rover_stream/lib/rover_stream
[11.971s] writing list of installed files to '/home/arno/RoombaV2Onboard/build/rover_stream/install.log'
[12.351s] Invoked command in '/home/arno/RoombaV2Onboard/src/rover_stream' returned '0': PYTHONPATH=/home/arno/RoombaV2Onboard/build/rover_stream/prefix_override:/usr/lib/python3/dist-packages/colcon_core/task/python/colcon_distutils_commands:/home/arno/RoombaV2Onboard/install/rover_stream/lib/python3.10/site-packages:${PYTHONPATH} /usr/bin/python3 -W ignore:setup.py install is deprecated setup.py egg_info --egg-base ../../build/rover_stream build --build-base /home/arno/RoombaV2Onboard/build/rover_stream/build install --record /home/arno/RoombaV2Onboard/build/rover_stream/install.log --single-version-externally-managed install_data
