running egg_info
creating ../../build/rover_stream/rover_stream.egg-info
writing ../../build/rover_stream/rover_stream.egg-info/PKG-INFO
writing dependency_links to ../../build/rover_stream/rover_stream.egg-info/dependency_links.txt
writing entry points to ../../build/rover_stream/rover_stream.egg-info/entry_points.txt
writing requirements to ../../build/rover_stream/rover_stream.egg-info/requires.txt
writing top-level names to ../../build/rover_stream/rover_stream.egg-info/top_level.txt
writing manifest file '../../build/rover_stream/rover_stream.egg-info/SOURCES.txt'
reading manifest file '../../build/rover_stream/rover_stream.egg-info/SOURCES.txt'
writing manifest file '../../build/rover_stream/rover_stream.egg-info/SOURCES.txt'
running build
running build_py
creating /home/arno/RoombaV2Onboard/build/rover_stream/build
creating /home/arno/RoombaV2Onboard/build/rover_stream/build/lib
creating /home/arno/RoombaV2Onboard/build/rover_stream/build/lib/rover_stream
copying rover_stream/__init__.py -> /home/arno/RoombaV2Onboard/build/rover_stream/build/lib/rover_stream
running install
running install_lib
creating /home/arno/RoombaV2Onboard/install/rover_stream/lib/python3.10/site-packages/rover_stream
copying /home/arno/RoombaV2Onboard/build/rover_stream/build/lib/rover_stream/__init__.py -> /home/arno/RoombaV2Onboard/install/rover_stream/lib/python3.10/site-packages/rover_stream
byte-compiling /home/arno/RoombaV2Onboard/install/rover_stream/lib/python3.10/site-packages/rover_stream/__init__.py to __init__.cpython-310.pyc
running install_data
creating /home/arno/RoombaV2Onboard/install/rover_stream/share/ament_index
creating /home/arno/RoombaV2Onboard/install/rover_stream/share/ament_index/resource_index
creating /home/arno/RoombaV2Onboard/install/rover_stream/share/ament_index/resource_index/packages
copying resource/rover_stream -> /home/arno/RoombaV2Onboard/install/rover_stream/share/ament_index/resource_index/packages
copying package.xml -> /home/arno/RoombaV2Onboard/install/rover_stream/share/rover_stream
running install_egg_info
Copying ../../build/rover_stream/rover_stream.egg-info to /home/arno/RoombaV2Onboard/install/rover_stream/lib/python3.10/site-packages/rover_stream-0.0.0-py3.10.egg-info
running install_scripts
writing list of installed files to '/home/arno/RoombaV2Onboard/build/rover_stream/install.log'
