[9.282s] Invoking command in '/home/arno/RoombaV2Onboard/src/rover_stream': PYTHONPATH=/home/arno/RoombaV2Onboard/build/rover_stream/prefix_override:/usr/lib/python3/dist-packages/colcon_core/task/python/colcon_distutils_commands:/home/arno/RoombaV2Onboard/install/rover_stream/lib/python3.10/site-packages:${PYTHONPATH} /usr/bin/python3 -W ignore:setup.py install is deprecated setup.py egg_info --egg-base ../../build/rover_stream build --build-base /home/arno/RoombaV2Onboard/build/rover_stream/build install --record /home/arno/RoombaV2Onboard/build/rover_stream/install.log --single-version-externally-managed install_data
[11.659s] running egg_info
[11.664s] creating ../../build/rover_stream/rover_stream.egg-info
[11.666s] writing ../../build/rover_stream/rover_stream.egg-info/PKG-INFO
[11.668s] writing dependency_links to ../../build/rover_stream/rover_stream.egg-info/dependency_links.txt
[11.670s] writing entry points to ../../build/rover_stream/rover_stream.egg-info/entry_points.txt
[11.671s] writing requirements to ../../build/rover_stream/rover_stream.egg-info/requires.txt
[11.673s] writing top-level names to ../../build/rover_stream/rover_stream.egg-info/top_level.txt
[11.676s] writing manifest file '../../build/rover_stream/rover_stream.egg-info/SOURCES.txt'
[11.693s] reading manifest file '../../build/rover_stream/rover_stream.egg-info/SOURCES.txt'
[11.700s] writing manifest file '../../build/rover_stream/rover_stream.egg-info/SOURCES.txt'
[11.702s] running build
[11.704s] running build_py
[11.706s] creating /home/arno/RoombaV2Onboard/build/rover_stream/build
[11.707s] creating /home/arno/RoombaV2Onboard/build/rover_stream/build/lib
[11.709s] creating /home/arno/RoombaV2Onboard/build/rover_stream/build/lib/rover_stream
[11.710s] copying rover_stream/__init__.py -> /home/arno/RoombaV2Onboard/build/rover_stream/build/lib/rover_stream
[11.713s] running install
[11.714s] running install_lib
[11.718s] creating /home/arno/RoombaV2Onboard/install/rover_stream/lib/python3.10/site-packages/rover_stream
[11.719s] copying /home/arno/RoombaV2Onboard/build/rover_stream/build/lib/rover_stream/__init__.py -> /home/arno/RoombaV2Onboard/install/rover_stream/lib/python3.10/site-packages/rover_stream
[11.723s] byte-compiling /home/arno/RoombaV2Onboard/install/rover_stream/lib/python3.10/site-packages/rover_stream/__init__.py to __init__.cpython-310.pyc
[11.727s] running install_data
[11.729s] creating /home/arno/RoombaV2Onboard/install/rover_stream/share/ament_index
[11.731s] creating /home/arno/RoombaV2Onboard/install/rover_stream/share/ament_index/resource_index
[11.733s] creating /home/arno/RoombaV2Onboard/install/rover_stream/share/ament_index/resource_index/packages
[11.734s] copying resource/rover_stream -> /home/arno/RoombaV2Onboard/install/rover_stream/share/ament_index/resource_index/packages
[11.735s] copying package.xml -> /home/arno/RoombaV2Onboard/install/rover_stream/share/rover_stream
[11.736s] running install_egg_info
[11.749s] Copying ../../build/rover_stream/rover_stream.egg-info to /home/arno/RoombaV2Onboard/install/rover_stream/lib/python3.10/site-packages/rover_stream-0.0.0-py3.10.egg-info
[11.761s] running install_scripts
[11.937s] writing list of installed files to '/home/arno/RoombaV2Onboard/build/rover_stream/install.log'
[12.219s] Invoked command in '/home/arno/RoombaV2Onboard/src/rover_stream' returned '0': PYTHONPATH=/home/arno/RoombaV2Onboard/build/rover_stream/prefix_override:/usr/lib/python3/dist-packages/colcon_core/task/python/colcon_distutils_commands:/home/arno/RoombaV2Onboard/install/rover_stream/lib/python3.10/site-packages:${PYTHONPATH} /usr/bin/python3 -W ignore:setup.py install is deprecated setup.py egg_info --egg-base ../../build/rover_stream build --build-base /home/arno/RoombaV2Onboard/build/rover_stream/build install --record /home/arno/RoombaV2Onboard/build/rover_stream/install.log --single-version-externally-managed install_data
