[8.267s] Invoking command in '/home/arno/RoombaV2Onboard/src/rover_stream': PYTHONPATH=/home/arno/RoombaV2Onboard/build/rover_stream/prefix_override:/usr/lib/python3/dist-packages/colcon_core/task/python/colcon_distutils_commands:/home/arno/RoombaV2Onboard/install/rover_stream/lib/python3.10/site-packages:${PYTHONPATH} /usr/bin/python3 -W ignore:setup.py install is deprecated setup.py egg_info --egg-base ../../build/rover_stream build --build-base /home/arno/RoombaV2Onboard/build/rover_stream/build install --record /home/arno/RoombaV2Onboard/build/rover_stream/install.log --single-version-externally-managed install_data
[10.711s] running egg_info
[10.717s] writing ../../build/rover_stream/rover_stream.egg-info/PKG-INFO
[10.722s] writing dependency_links to ../../build/rover_stream/rover_stream.egg-info/dependency_links.txt
[10.724s] writing entry points to ../../build/rover_stream/rover_stream.egg-info/entry_points.txt
[10.726s] writing requirements to ../../build/rover_stream/rover_stream.egg-info/requires.txt
[10.729s] writing top-level names to ../../build/rover_stream/rover_stream.egg-info/top_level.txt
[10.736s] reading manifest file '../../build/rover_stream/rover_stream.egg-info/SOURCES.txt'
[10.748s] writing manifest file '../../build/rover_stream/rover_stream.egg-info/SOURCES.txt'
[10.749s] running build
[10.750s] running install
[10.752s] running install_data
[10.757s] copying package.xml -> /home/arno/RoombaV2Onboard/install/rover_stream/share/rover_stream
[10.758s] running install_egg_info
[10.778s] removing '/home/arno/RoombaV2Onboard/install/rover_stream/lib/python3.10/site-packages/rover_stream-0.0.0-py3.10.egg-info' (and everything under it)
[10.781s] Copying ../../build/rover_stream/rover_stream.egg-info to /home/arno/RoombaV2Onboard/install/rover_stream/lib/python3.10/site-packages/rover_stream-0.0.0-py3.10.egg-info
[10.795s] running install_scripts
[10.980s] Installing webrtc_streamer script to /home/arno/RoombaV2Onboard/install/rover_stream/lib/rover_stream
[10.983s] writing list of installed files to '/home/arno/RoombaV2Onboard/build/rover_stream/install.log'
[11.259s] Invoked command in '/home/arno/RoombaV2Onboard/src/rover_stream' returned '0': PYTHONPATH=/home/arno/RoombaV2Onboard/build/rover_stream/prefix_override:/usr/lib/python3/dist-packages/colcon_core/task/python/colcon_distutils_commands:/home/arno/RoombaV2Onboard/install/rover_stream/lib/python3.10/site-packages:${PYTHONPATH} /usr/bin/python3 -W ignore:setup.py install is deprecated setup.py egg_info --egg-base ../../build/rover_stream build --build-base /home/arno/RoombaV2Onboard/build/rover_stream/build install --record /home/arno/RoombaV2Onboard/build/rover_stream/install.log --single-version-externally-managed install_data
