[6.152s] Invoking command in '/home/arno/RoombaV2Onboard/src/RoverReceive': PYTHONPATH=/home/arno/RoombaV2Onboard/build/RoverReceive/prefix_override:/usr/lib/python3/dist-packages/colcon_core/task/python/colcon_distutils_commands:/home/arno/RoombaV2Onboard/install/RoverReceive/lib/python3.10/site-packages:${PYTHONPATH} /usr/bin/python3 -W ignore:setup.py install is deprecated setup.py egg_info --egg-base ../../build/RoverReceive build --build-base /home/arno/RoombaV2Onboard/build/RoverReceive/build install --record /home/arno/RoombaV2Onboard/build/RoverReceive/install.log --single-version-externally-managed install_data
[8.248s] running egg_info
[8.252s] creating ../../build/RoverReceive/RoverReceive.egg-info
[8.253s] writing ../../build/RoverReceive/RoverReceive.egg-info/PKG-INFO
[8.255s] writing dependency_links to ../../build/RoverReceive/RoverReceive.egg-info/dependency_links.txt
[8.257s] writing entry points to ../../build/RoverReceive/RoverReceive.egg-info/entry_points.txt
[8.258s] writing requirements to ../../build/RoverReceive/RoverReceive.egg-info/requires.txt
[8.259s] writing top-level names to ../../build/RoverReceive/RoverReceive.egg-info/top_level.txt
[8.261s] writing manifest file '../../build/RoverReceive/RoverReceive.egg-info/SOURCES.txt'
[8.274s] reading manifest file '../../build/RoverReceive/RoverReceive.egg-info/SOURCES.txt'
[8.276s] adding license file 'LICENSE'
[8.281s] writing manifest file '../../build/RoverReceive/RoverReceive.egg-info/SOURCES.txt'
[8.282s] running build
[8.284s] running build_py
[8.285s] creating /home/arno/RoombaV2Onboard/build/RoverReceive/build
[8.287s] creating /home/arno/RoombaV2Onboard/build/RoverReceive/build/lib
[8.288s] creating /home/arno/RoombaV2Onboard/build/RoverReceive/build/lib/RoverReceive
[8.289s] copying RoverReceive/__init__.py -> /home/arno/RoombaV2Onboard/build/RoverReceive/build/lib/RoverReceive
[8.290s] copying RoverReceive/receive_node.py -> /home/arno/RoombaV2Onboard/build/RoverReceive/build/lib/RoverReceive
[8.291s] running install
[8.292s] running install_lib
[8.298s] creating /home/arno/RoombaV2Onboard/install/RoverReceive/lib/python3.10/site-packages/RoverReceive
[8.299s] copying /home/arno/RoombaV2Onboard/build/RoverReceive/build/lib/RoverReceive/__init__.py -> /home/arno/RoombaV2Onboard/install/RoverReceive/lib/python3.10/site-packages/RoverReceive
[8.300s] copying /home/arno/RoombaV2Onboard/build/RoverReceive/build/lib/RoverReceive/receive_node.py -> /home/arno/RoombaV2Onboard/install/RoverReceive/lib/python3.10/site-packages/RoverReceive
[8.305s] byte-compiling /home/arno/RoombaV2Onboard/install/RoverReceive/lib/python3.10/site-packages/RoverReceive/__init__.py to __init__.cpython-310.pyc
[8.307s] byte-compiling /home/arno/RoombaV2Onboard/install/RoverReceive/lib/python3.10/site-packages/RoverReceive/receive_node.py to receive_node.cpython-310.pyc
[8.312s] running install_data
[8.313s] creating /home/arno/RoombaV2Onboard/install/RoverReceive/share/ament_index
[8.314s] creating /home/arno/RoombaV2Onboard/install/RoverReceive/share/ament_index/resource_index
[8.315s] creating /home/arno/RoombaV2Onboard/install/RoverReceive/share/ament_index/resource_index/packages
[8.316s] copying resource/RoverReceive -> /home/arno/RoombaV2Onboard/install/RoverReceive/share/ament_index/resource_index/packages
[8.317s] copying package.xml -> /home/arno/RoombaV2Onboard/install/RoverReceive/share/RoverReceive
[8.318s] running install_egg_info
[8.331s] Copying ../../build/RoverReceive/RoverReceive.egg-info to /home/arno/RoombaV2Onboard/install/RoverReceive/lib/python3.10/site-packages/RoverReceive-0.0.0-py3.10.egg-info
[8.341s] running install_scripts
[8.498s] Installing receive_node script to /home/arno/RoombaV2Onboard/install/RoverReceive/lib/RoverReceive
[8.501s] writing list of installed files to '/home/arno/RoombaV2Onboard/build/RoverReceive/install.log'
[8.728s] Invoked command in '/home/arno/RoombaV2Onboard/src/RoverReceive' returned '0': PYTHONPATH=/home/arno/RoombaV2Onboard/build/RoverReceive/prefix_override:/usr/lib/python3/dist-packages/colcon_core/task/python/colcon_distutils_commands:/home/arno/RoombaV2Onboard/install/RoverReceive/lib/python3.10/site-packages:${PYTHONPATH} /usr/bin/python3 -W ignore:setup.py install is deprecated setup.py egg_info --egg-base ../../build/RoverReceive build --build-base /home/arno/RoombaV2Onboard/build/RoverReceive/build install --record /home/arno/RoombaV2Onboard/build/RoverReceive/install.log --single-version-externally-managed install_data
