[8.324s] Invoking command in '/home/arno/RoombaV2Onboard/src/rover_stream': PYTHONPATH=/home/arno/RoombaV2Onboard/build/rover_stream/prefix_override:/usr/lib/python3/dist-packages/colcon_core/task/python/colcon_distutils_commands:/home/arno/RoombaV2Onboard/install/rover_stream/lib/python3.10/site-packages:${PYTHONPATH} /usr/bin/python3 -W ignore:setup.py install is deprecated setup.py egg_info --egg-base ../../build/rover_stream build --build-base /home/arno/RoombaV2Onboard/build/rover_stream/build install --record /home/arno/RoombaV2Onboard/build/rover_stream/install.log --single-version-externally-managed install_data
[10.753s] running egg_info
[10.758s] creating ../../build/rover_stream/rover_stream.egg-info
[10.760s] writing ../../build/rover_stream/rover_stream.egg-info/PKG-INFO
[10.763s] writing dependency_links to ../../build/rover_stream/rover_stream.egg-info/dependency_links.txt
[10.766s] writing entry points to ../../build/rover_stream/rover_stream.egg-info/entry_points.txt
[10.772s] writing requirements to ../../build/rover_stream/rover_stream.egg-info/requires.txt
[10.774s] writing top-level names to ../../build/rover_stream/rover_stream.egg-info/top_level.txt
[10.776s] writing manifest file '../../build/rover_stream/rover_stream.egg-info/SOURCES.txt'
[10.788s] reading manifest file '../../build/rover_stream/rover_stream.egg-info/SOURCES.txt'
[10.794s] writing manifest file '../../build/rover_stream/rover_stream.egg-info/SOURCES.txt'
[10.795s] running build
[10.797s] running install
[10.798s] running install_data
[10.799s] running install_egg_info
[10.810s] removing '/home/arno/RoombaV2Onboard/install/rover_stream/lib/python3.10/site-packages/rover_stream-0.0.0-py3.10.egg-info' (and everything under it)
[10.815s] Copying ../../build/rover_stream/rover_stream.egg-info to /home/arno/RoombaV2Onboard/install/rover_stream/lib/python3.10/site-packages/rover_stream-0.0.0-py3.10.egg-info
[10.826s] running install_scripts
[11.007s] Installing webrtc_streamer script to /home/arno/RoombaV2Onboard/install/rover_stream/lib/rover_stream
[11.009s] writing list of installed files to '/home/arno/RoombaV2Onboard/build/rover_stream/install.log'
[11.387s] Invoked command in '/home/arno/RoombaV2Onboard/src/rover_stream' returned '0': PYTHONPATH=/home/arno/RoombaV2Onboard/build/rover_stream/prefix_override:/usr/lib/python3/dist-packages/colcon_core/task/python/colcon_distutils_commands:/home/arno/RoombaV2Onboard/install/rover_stream/lib/python3.10/site-packages:${PYTHONPATH} /usr/bin/python3 -W ignore:setup.py install is deprecated setup.py egg_info --egg-base ../../build/rover_stream build --build-base /home/arno/RoombaV2Onboard/build/rover_stream/build install --record /home/arno/RoombaV2Onboard/build/rover_stream/install.log --single-version-externally-managed install_data
