[8.260s] Invoking command in '/home/arno/RoombaV2Onboard/src/rover_stream': PYTHONPATH=/home/arno/RoombaV2Onboard/build/rover_stream/prefix_override:/usr/lib/python3/dist-packages/colcon_core/task/python/colcon_distutils_commands:/home/arno/RoombaV2Onboard/install/rover_stream/lib/python3.10/site-packages:${PYTHONPATH} /usr/bin/python3 -W ignore:setup.py install is deprecated setup.py egg_info --egg-base ../../build/rover_stream build --build-base /home/arno/RoombaV2Onboard/build/rover_stream/build install --record /home/arno/RoombaV2Onboard/build/rover_stream/install.log --single-version-externally-managed install_data
[10.691s] running egg_info
[10.696s] writing ../../build/rover_stream/rover_stream.egg-info/PKG-INFO
[10.699s] writing dependency_links to ../../build/rover_stream/rover_stream.egg-info/dependency_links.txt
[10.702s] writing entry points to ../../build/rover_stream/rover_stream.egg-info/entry_points.txt
[10.703s] writing requirements to ../../build/rover_stream/rover_stream.egg-info/requires.txt
[10.705s] writing top-level names to ../../build/rover_stream/rover_stream.egg-info/top_level.txt
[10.722s] reading manifest file '../../build/rover_stream/rover_stream.egg-info/SOURCES.txt'
[10.732s] writing manifest file '../../build/rover_stream/rover_stream.egg-info/SOURCES.txt'
[10.733s] running build
[10.735s] running build_py
[10.736s] copying rover_stream/webrtc_streamer.py -> /home/arno/RoombaV2Onboard/build/rover_stream/build/lib/rover_stream
[10.738s] running install
[10.741s] running install_lib
[10.749s] copying /home/arno/RoombaV2Onboard/build/rover_stream/build/lib/rover_stream/webrtc_streamer.py -> /home/arno/RoombaV2Onboard/install/rover_stream/lib/python3.10/site-packages/rover_stream
[10.754s] byte-compiling /home/arno/RoombaV2Onboard/install/rover_stream/lib/python3.10/site-packages/rover_stream/webrtc_streamer.py to webrtc_streamer.cpython-310.pyc
[10.763s] running install_data
[10.766s] running install_egg_info
[10.780s] removing '/home/arno/RoombaV2Onboard/install/rover_stream/lib/python3.10/site-packages/rover_stream-0.0.0-py3.10.egg-info' (and everything under it)
[10.784s] Copying ../../build/rover_stream/rover_stream.egg-info to /home/arno/RoombaV2Onboard/install/rover_stream/lib/python3.10/site-packages/rover_stream-0.0.0-py3.10.egg-info
[10.797s] running install_scripts
[10.976s] Installing webrtc_streamer script to /home/arno/RoombaV2Onboard/install/rover_stream/lib/rover_stream
[10.980s] writing list of installed files to '/home/arno/RoombaV2Onboard/build/rover_stream/install.log'
[11.260s] Invoked command in '/home/arno/RoombaV2Onboard/src/rover_stream' returned '0': PYTHONPATH=/home/arno/RoombaV2Onboard/build/rover_stream/prefix_override:/usr/lib/python3/dist-packages/colcon_core/task/python/colcon_distutils_commands:/home/arno/RoombaV2Onboard/install/rover_stream/lib/python3.10/site-packages:${PYTHONPATH} /usr/bin/python3 -W ignore:setup.py install is deprecated setup.py egg_info --egg-base ../../build/rover_stream build --build-base /home/arno/RoombaV2Onboard/build/rover_stream/build install --record /home/arno/RoombaV2Onboard/build/rover_stream/install.log --single-version-externally-managed install_data
