[8.332s] Invoking command in '/home/arno/RoombaV2Onboard/src/rover_stream': PYTHONPATH=/home/arno/RoombaV2Onboard/build/rover_stream/prefix_override:/usr/lib/python3/dist-packages/colcon_core/task/python/colcon_distutils_commands:/home/arno/RoombaV2Onboard/install/rover_stream/lib/python3.10/site-packages:${PYTHONPATH} /usr/bin/python3 -W ignore:setup.py install is deprecated setup.py egg_info --egg-base ../../build/rover_stream build --build-base /home/arno/RoombaV2Onboard/build/rover_stream/build install --record /home/arno/RoombaV2Onboard/build/rover_stream/install.log --single-version-externally-managed install_data
[10.777s] running egg_info
[10.783s] writing ../../build/rover_stream/rover_stream.egg-info/PKG-INFO
[10.785s] writing dependency_links to ../../build/rover_stream/rover_stream.egg-info/dependency_links.txt
[10.790s] writing entry points to ../../build/rover_stream/rover_stream.egg-info/entry_points.txt
[10.794s] writing requirements to ../../build/rover_stream/rover_stream.egg-info/requires.txt
[10.796s] writing top-level names to ../../build/rover_stream/rover_stream.egg-info/top_level.txt
[10.809s] reading manifest file '../../build/rover_stream/rover_stream.egg-info/SOURCES.txt'
[10.817s] writing manifest file '../../build/rover_stream/rover_stream.egg-info/SOURCES.txt'
[10.819s] running build
[10.820s] running build_py
[10.822s] copying rover_stream/webrtc_streamer.py -> /home/arno/RoombaV2Onboard/build/rover_stream/build/lib/rover_stream
[10.825s] running install
[10.827s] running install_lib
[10.834s] copying /home/arno/RoombaV2Onboard/build/rover_stream/build/lib/rover_stream/webrtc_streamer.py -> /home/arno/RoombaV2Onboard/install/rover_stream/lib/python3.10/site-packages/rover_stream
[10.840s] byte-compiling /home/arno/RoombaV2Onboard/install/rover_stream/lib/python3.10/site-packages/rover_stream/webrtc_streamer.py to webrtc_streamer.cpython-310.pyc
[10.848s] running install_data
[10.849s] running install_egg_info
[10.865s] removing '/home/arno/RoombaV2Onboard/install/rover_stream/lib/python3.10/site-packages/rover_stream-0.0.0-py3.10.egg-info' (and everything under it)
[10.869s] Copying ../../build/rover_stream/rover_stream.egg-info to /home/arno/RoombaV2Onboard/install/rover_stream/lib/python3.10/site-packages/rover_stream-0.0.0-py3.10.egg-info
[10.883s] running install_scripts
[11.067s] Installing webrtc_streamer script to /home/arno/RoombaV2Onboard/install/rover_stream/lib/rover_stream
[11.070s] writing list of installed files to '/home/arno/RoombaV2Onboard/build/rover_stream/install.log'
[11.418s] Invoked command in '/home/arno/RoombaV2Onboard/src/rover_stream' returned '0': PYTHONPATH=/home/arno/RoombaV2Onboard/build/rover_stream/prefix_override:/usr/lib/python3/dist-packages/colcon_core/task/python/colcon_distutils_commands:/home/arno/RoombaV2Onboard/install/rover_stream/lib/python3.10/site-packages:${PYTHONPATH} /usr/bin/python3 -W ignore:setup.py install is deprecated setup.py egg_info --egg-base ../../build/rover_stream build --build-base /home/arno/RoombaV2Onboard/build/rover_stream/build install --record /home/arno/RoombaV2Onboard/build/rover_stream/install.log --single-version-externally-managed install_data
