[8.210s] Invoking command in '/home/arno/RoombaV2Onboard/src/rover_stream': PYTHONPATH=/home/arno/RoombaV2Onboard/build/rover_stream/prefix_override:/usr/lib/python3/dist-packages/colcon_core/task/python/colcon_distutils_commands:/home/arno/RoombaV2Onboard/install/rover_stream/lib/python3.10/site-packages:${PYTHONPATH} /usr/bin/python3 -W ignore:setup.py install is deprecated setup.py egg_info --egg-base ../../build/rover_stream build --build-base /home/arno/RoombaV2Onboard/build/rover_stream/build install --record /home/arno/RoombaV2Onboard/build/rover_stream/install.log --single-version-externally-managed install_data
[10.610s] running egg_info
[10.616s] writing ../../build/rover_stream/rover_stream.egg-info/PKG-INFO
[10.618s] writing dependency_links to ../../build/rover_stream/rover_stream.egg-info/dependency_links.txt
[10.621s] writing entry points to ../../build/rover_stream/rover_stream.egg-info/entry_points.txt
[10.623s] writing requirements to ../../build/rover_stream/rover_stream.egg-info/requires.txt
[10.625s] writing top-level names to ../../build/rover_stream/rover_stream.egg-info/top_level.txt
[10.632s] reading manifest file '../../build/rover_stream/rover_stream.egg-info/SOURCES.txt'
[10.640s] writing manifest file '../../build/rover_stream/rover_stream.egg-info/SOURCES.txt'
[10.642s] running build
[10.644s] running install
[10.648s] running install_data
[10.650s] copying package.xml -> /home/arno/RoombaV2Onboard/install/rover_stream/share/rover_stream
[10.651s] running install_egg_info
[10.669s] removing '/home/arno/RoombaV2Onboard/install/rover_stream/lib/python3.10/site-packages/rover_stream-0.0.0-py3.10.egg-info' (and everything under it)
[10.672s] Copying ../../build/rover_stream/rover_stream.egg-info to /home/arno/RoombaV2Onboard/install/rover_stream/lib/python3.10/site-packages/rover_stream-0.0.0-py3.10.egg-info
[10.685s] running install_scripts
[10.865s] Installing streamer_node script to /home/arno/RoombaV2Onboard/install/rover_stream/lib/rover_stream
[10.868s] writing list of installed files to '/home/arno/RoombaV2Onboard/build/rover_stream/install.log'
[11.244s] Invoked command in '/home/arno/RoombaV2Onboard/src/rover_stream' returned '0': PYTHONPATH=/home/arno/RoombaV2Onboard/build/rover_stream/prefix_override:/usr/lib/python3/dist-packages/colcon_core/task/python/colcon_distutils_commands:/home/arno/RoombaV2Onboard/install/rover_stream/lib/python3.10/site-packages:${PYTHONPATH} /usr/bin/python3 -W ignore:setup.py install is deprecated setup.py egg_info --egg-base ../../build/rover_stream build --build-base /home/arno/RoombaV2Onboard/build/rover_stream/build install --record /home/arno/RoombaV2Onboard/build/rover_stream/install.log --single-version-externally-managed install_data
