[2.542s] Invoking command in '/home/arno/RoombaV2Onboard/build/microver_dusty': CMAKE_PREFIX_PATH=/opt/ros/humble /usr/bin/cmake /home/arno/RoombaV2Onboard/src/microver_dusty -DCMAKE_INSTALL_PREFIX=/home/arno/RoombaV2Onboard/install/microver_dusty
[4.616s] -- The C compiler identification is GNU 11.4.0
[6.041s] -- The CXX compiler identification is GNU 11.4.0
[6.136s] -- Detecting C compiler ABI info
[7.014s] -- Detecting C compiler ABI info - done
[7.085s] -- Check for working C compiler: /usr/bin/cc - skipped
[7.090s] -- Detecting C compile features
[7.095s] -- Detecting C compile features - done
[7.130s] -- Detecting CXX compiler ABI info
[7.971s] -- Detecting CXX compiler ABI info - done
[8.054s] -- Check for working CXX compiler: /usr/bin/c++ - skipped
[8.057s] -- Detecting CXX compile features
[8.061s] -- Detecting CXX compile features - done
[8.144s] -- Found ament_cmake: 1.3.10 (/opt/ros/humble/share/ament_cmake/cmake)
[9.919s] -- Found Python3: /usr/bin/python3 (found version "3.10.12") found components: Interpreter 
[12.859s] -- Found ament_lint_auto: 0.12.11 (/opt/ros/humble/share/ament_lint_auto/cmake)
[14.002s] -- Added test 'lint_cmake' to check CMake code style
[14.040s] -- Added test 'xmllint' to check XML markup files
[14.060s] -- Configuring done
[14.110s] -- Generating done
[14.123s] -- Build files have been written to: /home/arno/RoombaV2Onboard/build/microver_dusty
[14.170s] Invoked command in '/home/arno/RoombaV2Onboard/build/microver_dusty' returned '0': CMAKE_PREFIX_PATH=/opt/ros/humble /usr/bin/cmake /home/arno/RoombaV2Onboard/src/microver_dusty -DCMAKE_INSTALL_PREFIX=/home/arno/RoombaV2Onboard/install/microver_dusty
[14.184s] Invoking command in '/home/arno/RoombaV2Onboard/build/microver_dusty': CMAKE_PREFIX_PATH=/opt/ros/humble /usr/bin/cmake --build /home/arno/RoombaV2Onboard/build/microver_dusty -- -j4 -l4
[14.563s] Invoked command in '/home/arno/RoombaV2Onboard/build/microver_dusty' returned '0': CMAKE_PREFIX_PATH=/opt/ros/humble /usr/bin/cmake --build /home/arno/RoombaV2Onboard/build/microver_dusty -- -j4 -l4
[14.870s] Invoking command in '/home/arno/RoombaV2Onboard/build/microver_dusty': CMAKE_PREFIX_PATH=/opt/ros/humble /usr/bin/cmake --install /home/arno/RoombaV2Onboard/build/microver_dusty
[14.938s] -- Install configuration: ""
[14.943s] -- Installing: /home/arno/RoombaV2Onboard/install/microver_dusty/share/ament_index/resource_index/package_run_dependencies/microver_dusty
[14.949s] -- Installing: /home/arno/RoombaV2Onboard/install/microver_dusty/share/ament_index/resource_index/parent_prefix_path/microver_dusty
[14.956s] -- Installing: /home/arno/RoombaV2Onboard/install/microver_dusty/share/microver_dusty/environment/ament_prefix_path.sh
[14.961s] -- Installing: /home/arno/RoombaV2Onboard/install/microver_dusty/share/microver_dusty/environment/ament_prefix_path.dsv
[14.966s] -- Installing: /home/arno/RoombaV2Onboard/install/microver_dusty/share/microver_dusty/environment/path.sh
[14.970s] -- Installing: /home/arno/RoombaV2Onboard/install/microver_dusty/share/microver_dusty/environment/path.dsv
[14.972s] -- Installing: /home/arno/RoombaV2Onboard/install/microver_dusty/share/microver_dusty/local_setup.bash
[14.975s] -- Installing: /home/arno/RoombaV2Onboard/install/microver_dusty/share/microver_dusty/local_setup.sh
[14.978s] -- Installing: /home/arno/RoombaV2Onboard/install/microver_dusty/share/microver_dusty/local_setup.zsh
[14.981s] -- Installing: /home/arno/RoombaV2Onboard/install/microver_dusty/share/microver_dusty/local_setup.dsv
[14.983s] -- Installing: /home/arno/RoombaV2Onboard/install/microver_dusty/share/microver_dusty/package.dsv
[14.986s] -- Installing: /home/arno/RoombaV2Onboard/install/microver_dusty/share/ament_index/resource_index/packages/microver_dusty
[14.990s] -- Installing: /home/arno/RoombaV2Onboard/install/microver_dusty/share/microver_dusty/cmake/microver_dustyConfig.cmake
[14.992s] -- Installing: /home/arno/RoombaV2Onboard/install/microver_dusty/share/microver_dusty/cmake/microver_dustyConfig-version.cmake
[14.995s] -- Installing: /home/arno/RoombaV2Onboard/install/microver_dusty/share/microver_dusty/package.xml
[15.015s] Invoked command in '/home/arno/RoombaV2Onboard/build/microver_dusty' returned '0': CMAKE_PREFIX_PATH=/opt/ros/humble /usr/bin/cmake --install /home/arno/RoombaV2Onboard/build/microver_dusty
