[9.013s] Invoking command in '/home/arno/RoombaV2Onboard/src/rover_stream': PYTHONPATH=/home/arno/RoombaV2Onboard/build/rover_stream/prefix_override:/usr/lib/python3/dist-packages/colcon_core/task/python/colcon_distutils_commands:/home/arno/RoombaV2Onboard/install/rover_stream/lib/python3.10/site-packages:${PYTHONPATH} /usr/bin/python3 -W ignore:setup.py install is deprecated setup.py egg_info --egg-base ../../build/rover_stream build --build-base /home/arno/RoombaV2Onboard/build/rover_stream/build install --record /home/arno/RoombaV2Onboard/build/rover_stream/install.log --single-version-externally-managed install_data
[11.721s] running egg_info
[11.730s] writing ../../build/rover_stream/rover_stream.egg-info/PKG-INFO
[11.731s] writing dependency_links to ../../build/rover_stream/rover_stream.egg-info/dependency_links.txt
[11.733s] writing entry points to ../../build/rover_stream/rover_stream.egg-info/entry_points.txt
[11.735s] writing requirements to ../../build/rover_stream/rover_stream.egg-info/requires.txt
[11.737s] writing top-level names to ../../build/rover_stream/rover_stream.egg-info/top_level.txt
[11.755s] reading manifest file '../../build/rover_stream/rover_stream.egg-info/SOURCES.txt'
[11.766s] writing manifest file '../../build/rover_stream/rover_stream.egg-info/SOURCES.txt'
[11.768s] running build
[11.770s] running build_py
[11.772s] copying rover_stream/webrtc_streamer.py -> /home/arno/RoombaV2Onboard/build/rover_stream/build/lib/rover_stream
[11.773s] running install
[11.776s] running install_lib
[11.784s] copying /home/arno/RoombaV2Onboard/build/rover_stream/build/lib/rover_stream/webrtc_streamer.py -> /home/arno/RoombaV2Onboard/install/rover_stream/lib/python3.10/site-packages/rover_stream
[11.791s] byte-compiling /home/arno/RoombaV2Onboard/install/rover_stream/lib/python3.10/site-packages/rover_stream/webrtc_streamer.py to webrtc_streamer.cpython-310.pyc
[11.799s] running install_data
[11.802s] running install_egg_info
[11.818s] removing '/home/arno/RoombaV2Onboard/install/rover_stream/lib/python3.10/site-packages/rover_stream-0.0.0-py3.10.egg-info' (and everything under it)
[11.822s] Copying ../../build/rover_stream/rover_stream.egg-info to /home/arno/RoombaV2Onboard/install/rover_stream/lib/python3.10/site-packages/rover_stream-0.0.0-py3.10.egg-info
[11.837s] running install_scripts
[12.039s] Installing webrtc_streamer script to /home/arno/RoombaV2Onboard/install/rover_stream/lib/rover_stream
[12.043s] writing list of installed files to '/home/arno/RoombaV2Onboard/build/rover_stream/install.log'
[12.437s] Invoked command in '/home/arno/RoombaV2Onboard/src/rover_stream' returned '0': PYTHONPATH=/home/arno/RoombaV2Onboard/build/rover_stream/prefix_override:/usr/lib/python3/dist-packages/colcon_core/task/python/colcon_distutils_commands:/home/arno/RoombaV2Onboard/install/rover_stream/lib/python3.10/site-packages:${PYTHONPATH} /usr/bin/python3 -W ignore:setup.py install is deprecated setup.py egg_info --egg-base ../../build/rover_stream build --build-base /home/arno/RoombaV2Onboard/build/rover_stream/build install --record /home/arno/RoombaV2Onboard/build/rover_stream/install.log --single-version-externally-managed install_data
