[1.373s] DEBUG:colcon:Command line arguments: ['/usr/bin/colcon', 'build']
[1.374s] DEBUG:colcon:Parsed command line arguments: Namespace(log_base=None, log_level=None, verb_name='build', build_base='build', install_base='install', merge_install=False, symlink_install=False, test_result_base=None, continue_on_error=False, executor='parallel', parallel_workers=4, event_handlers=None, ignore_user_meta=False, metas=['./colcon.meta'], base_paths=['.'], packages_ignore=None, packages_ignore_regex=None, paths=None, packages_up_to=None, packages_up_to_regex=None, packages_above=None, packages_above_and_dependencies=None, packages_above_depth=None, packages_select_by_dep=None, packages_skip_by_dep=None, packages_skip_up_to=None, packages_select_build_failed=False, packages_skip_build_finished=False, packages_select_test_failures=False, packages_skip_test_passed=False, packages_select=None, packages_skip=None, packages_select_regex=None, packages_skip_regex=None, packages_start=None, packages_end=None, allow_overriding=[], cmake_args=None, cmake_target=None, cmake_target_skip_unavailable=False, cmake_clean_cache=False, cmake_clean_first=False, cmake_force_configure=False, ament_cmake_args=None, catkin_cmake_args=None, catkin_skip_building_tests=False, mixin_files=None, mixin=None, verb_parser=<colcon_mixin.mixin.mixin_argument.MixinArgumentDecorator object at 0xffffb5ce5030>, verb_extension=<colcon_core.verb.build.BuildVerb object at 0xffffb5e2d780>, main=<bound method BuildVerb.main of <colcon_core.verb.build.BuildVerb object at 0xffffb5e2d780>>, mixin_verb=('build',))
[3.468s] Level 1:colcon.colcon_core.package_discovery:discover_packages(colcon_meta) check parameters
[3.469s] Level 1:colcon.colcon_core.package_discovery:discover_packages(recursive) check parameters
[3.470s] Level 1:colcon.colcon_core.package_discovery:discover_packages(ignore) check parameters
[3.470s] Level 1:colcon.colcon_core.package_discovery:discover_packages(path) check parameters
[3.470s] Level 1:colcon.colcon_core.package_discovery:discover_packages(colcon_meta) discover
[3.471s] Level 1:colcon.colcon_core.package_discovery:discover_packages(recursive) discover
[3.471s] INFO:colcon.colcon_core.package_discovery:Crawling recursively for packages in '/home/arno/RoombaV2Onboard'
[3.472s] Level 1:colcon.colcon_core.package_identification:_identify(.) by extensions ['ignore', 'ignore_ament_install']
[3.473s] Level 1:colcon.colcon_core.package_identification:_identify(.) by extension 'ignore'
[3.474s] Level 1:colcon.colcon_core.package_identification:_identify(.) by extension 'ignore_ament_install'
[3.474s] Level 1:colcon.colcon_core.package_identification:_identify(.) by extensions ['colcon_pkg']
[3.475s] Level 1:colcon.colcon_core.package_identification:_identify(.) by extension 'colcon_pkg'
[3.475s] Level 1:colcon.colcon_core.package_identification:_identify(.) by extensions ['colcon_meta']
[3.475s] Level 1:colcon.colcon_core.package_identification:_identify(.) by extension 'colcon_meta'
[3.476s] Level 1:colcon.colcon_core.package_identification:_identify(.) by extensions ['ros']
[3.476s] Level 1:colcon.colcon_core.package_identification:_identify(.) by extension 'ros'
[3.604s] Level 1:colcon.colcon_core.package_identification:_identify(.) by extensions ['cmake', 'python']
[3.605s] Level 1:colcon.colcon_core.package_identification:_identify(.) by extension 'cmake'
[3.605s] Level 1:colcon.colcon_core.package_identification:_identify(.) by extension 'python'
[3.606s] Level 1:colcon.colcon_core.package_identification:_identify(.) by extensions ['python_setup_py']
[3.606s] Level 1:colcon.colcon_core.package_identification:_identify(.) by extension 'python_setup_py'
[3.607s] Level 1:colcon.colcon_core.package_identification:_identify(build) by extensions ['ignore', 'ignore_ament_install']
[3.608s] Level 1:colcon.colcon_core.package_identification:_identify(build) by extension 'ignore'
[3.608s] Level 1:colcon.colcon_core.package_identification:_identify(build) ignored
[3.609s] Level 1:colcon.colcon_core.package_identification:_identify(install) by extensions ['ignore', 'ignore_ament_install']
[3.610s] Level 1:colcon.colcon_core.package_identification:_identify(install) by extension 'ignore'
[3.611s] Level 1:colcon.colcon_core.package_identification:_identify(install) ignored
[3.612s] Level 1:colcon.colcon_core.package_identification:_identify(log) by extensions ['ignore', 'ignore_ament_install']
[3.613s] Level 1:colcon.colcon_core.package_identification:_identify(log) by extension 'ignore'
[3.613s] Level 1:colcon.colcon_core.package_identification:_identify(log) ignored
[3.614s] Level 1:colcon.colcon_core.package_identification:_identify(src) by extensions ['ignore', 'ignore_ament_install']
[3.615s] Level 1:colcon.colcon_core.package_identification:_identify(src) by extension 'ignore'
[3.615s] Level 1:colcon.colcon_core.package_identification:_identify(src) by extension 'ignore_ament_install'
[3.616s] Level 1:colcon.colcon_core.package_identification:_identify(src) by extensions ['colcon_pkg']
[3.616s] Level 1:colcon.colcon_core.package_identification:_identify(src) by extension 'colcon_pkg'
[3.616s] Level 1:colcon.colcon_core.package_identification:_identify(src) by extensions ['colcon_meta']
[3.616s] Level 1:colcon.colcon_core.package_identification:_identify(src) by extension 'colcon_meta'
[3.617s] Level 1:colcon.colcon_core.package_identification:_identify(src) by extensions ['ros']
[3.617s] Level 1:colcon.colcon_core.package_identification:_identify(src) by extension 'ros'
[3.618s] Level 1:colcon.colcon_core.package_identification:_identify(src) by extensions ['cmake', 'python']
[3.618s] Level 1:colcon.colcon_core.package_identification:_identify(src) by extension 'cmake'
[3.618s] Level 1:colcon.colcon_core.package_identification:_identify(src) by extension 'python'
[3.619s] Level 1:colcon.colcon_core.package_identification:_identify(src) by extensions ['python_setup_py']
[3.619s] Level 1:colcon.colcon_core.package_identification:_identify(src) by extension 'python_setup_py'
[3.620s] Level 1:colcon.colcon_core.package_identification:_identify(src/RoverReceive) by extensions ['ignore', 'ignore_ament_install']
[3.621s] Level 1:colcon.colcon_core.package_identification:_identify(src/RoverReceive) by extension 'ignore'
[3.622s] Level 1:colcon.colcon_core.package_identification:_identify(src/RoverReceive) by extension 'ignore_ament_install'
[3.622s] Level 1:colcon.colcon_core.package_identification:_identify(src/RoverReceive) by extensions ['colcon_pkg']
[3.622s] Level 1:colcon.colcon_core.package_identification:_identify(src/RoverReceive) by extension 'colcon_pkg'
[3.623s] Level 1:colcon.colcon_core.package_identification:_identify(src/RoverReceive) by extensions ['colcon_meta']
[3.623s] Level 1:colcon.colcon_core.package_identification:_identify(src/RoverReceive) by extension 'colcon_meta'
[3.624s] Level 1:colcon.colcon_core.package_identification:_identify(src/RoverReceive) by extensions ['ros']
[3.624s] Level 1:colcon.colcon_core.package_identification:_identify(src/RoverReceive) by extension 'ros'
[3.648s] DEBUG:colcon.colcon_core.package_identification:Package 'src/RoverReceive' with type 'ros.ament_python' and name 'RoverReceive'
[3.650s] Level 1:colcon.colcon_core.package_identification:_identify(src/rover_stream) by extensions ['ignore', 'ignore_ament_install']
[3.650s] Level 1:colcon.colcon_core.package_identification:_identify(src/rover_stream) by extension 'ignore'
[3.651s] Level 1:colcon.colcon_core.package_identification:_identify(src/rover_stream) by extension 'ignore_ament_install'
[3.652s] Level 1:colcon.colcon_core.package_identification:_identify(src/rover_stream) by extensions ['colcon_pkg']
[3.652s] Level 1:colcon.colcon_core.package_identification:_identify(src/rover_stream) by extension 'colcon_pkg'
[3.652s] Level 1:colcon.colcon_core.package_identification:_identify(src/rover_stream) by extensions ['colcon_meta']
[3.653s] Level 1:colcon.colcon_core.package_identification:_identify(src/rover_stream) by extension 'colcon_meta'
[3.653s] Level 1:colcon.colcon_core.package_identification:_identify(src/rover_stream) by extensions ['ros']
[3.653s] Level 1:colcon.colcon_core.package_identification:_identify(src/rover_stream) by extension 'ros'
[3.659s] DEBUG:colcon.colcon_core.package_identification:Package 'src/rover_stream' with type 'ros.ament_python' and name 'rover_stream'
[3.659s] Level 1:colcon.colcon_core.package_discovery:discover_packages(recursive) using defaults
[3.660s] Level 1:colcon.colcon_core.package_discovery:discover_packages(ignore) discover
[3.660s] Level 1:colcon.colcon_core.package_discovery:discover_packages(ignore) using defaults
[3.660s] Level 1:colcon.colcon_core.package_discovery:discover_packages(path) discover
[3.660s] Level 1:colcon.colcon_core.package_discovery:discover_packages(path) using defaults
[3.907s] Level 1:colcon.colcon_core.package_discovery:discover_packages(prefix_path) check parameters
[3.908s] Level 1:colcon.colcon_core.package_discovery:discover_packages(prefix_path) discover
[3.936s] DEBUG:colcon.colcon_installed_package_information.package_discovery:Found 2 installed packages in /home/arno/RoombaV2Onboard/install
[3.950s] DEBUG:colcon.colcon_installed_package_information.package_discovery:Found 180 installed packages in /opt/ros/humble
[3.959s] Level 1:colcon.colcon_core.package_discovery:discover_packages(prefix_path) using defaults
[4.214s] Level 5:colcon.colcon_core.verb:set package 'RoverReceive' build argument 'cmake_args' from command line to 'None'
[4.214s] Level 5:colcon.colcon_core.verb:set package 'RoverReceive' build argument 'cmake_target' from command line to 'None'
[4.215s] Level 5:colcon.colcon_core.verb:set package 'RoverReceive' build argument 'cmake_target_skip_unavailable' from command line to 'False'
[4.215s] Level 5:colcon.colcon_core.verb:set package 'RoverReceive' build argument 'cmake_clean_cache' from command line to 'False'
[4.215s] Level 5:colcon.colcon_core.verb:set package 'RoverReceive' build argument 'cmake_clean_first' from command line to 'False'
[4.216s] Level 5:colcon.colcon_core.verb:set package 'RoverReceive' build argument 'cmake_force_configure' from command line to 'False'
[4.216s] Level 5:colcon.colcon_core.verb:set package 'RoverReceive' build argument 'ament_cmake_args' from command line to 'None'
[4.216s] Level 5:colcon.colcon_core.verb:set package 'RoverReceive' build argument 'catkin_cmake_args' from command line to 'None'
[4.216s] Level 5:colcon.colcon_core.verb:set package 'RoverReceive' build argument 'catkin_skip_building_tests' from command line to 'False'
[4.216s] DEBUG:colcon.colcon_core.verb:Building package 'RoverReceive' with the following arguments: {'ament_cmake_args': None, 'build_base': '/home/arno/RoombaV2Onboard/build/RoverReceive', 'catkin_cmake_args': None, 'catkin_skip_building_tests': False, 'cmake_args': None, 'cmake_clean_cache': False, 'cmake_clean_first': False, 'cmake_force_configure': False, 'cmake_target': None, 'cmake_target_skip_unavailable': False, 'install_base': '/home/arno/RoombaV2Onboard/install/RoverReceive', 'merge_install': False, 'path': '/home/arno/RoombaV2Onboard/src/RoverReceive', 'symlink_install': False, 'test_result_base': None}
[4.220s] Level 5:colcon.colcon_core.verb:set package 'rover_stream' build argument 'cmake_args' from command line to 'None'
[4.220s] Level 5:colcon.colcon_core.verb:set package 'rover_stream' build argument 'cmake_target' from command line to 'None'
[4.220s] Level 5:colcon.colcon_core.verb:set package 'rover_stream' build argument 'cmake_target_skip_unavailable' from command line to 'False'
[4.220s] Level 5:colcon.colcon_core.verb:set package 'rover_stream' build argument 'cmake_clean_cache' from command line to 'False'
[4.221s] Level 5:colcon.colcon_core.verb:set package 'rover_stream' build argument 'cmake_clean_first' from command line to 'False'
[4.221s] Level 5:colcon.colcon_core.verb:set package 'rover_stream' build argument 'cmake_force_configure' from command line to 'False'
[4.221s] Level 5:colcon.colcon_core.verb:set package 'rover_stream' build argument 'ament_cmake_args' from command line to 'None'
[4.221s] Level 5:colcon.colcon_core.verb:set package 'rover_stream' build argument 'catkin_cmake_args' from command line to 'None'
[4.221s] Level 5:colcon.colcon_core.verb:set package 'rover_stream' build argument 'catkin_skip_building_tests' from command line to 'False'
[4.222s] DEBUG:colcon.colcon_core.verb:Building package 'rover_stream' with the following arguments: {'ament_cmake_args': None, 'build_base': '/home/arno/RoombaV2Onboard/build/rover_stream', 'catkin_cmake_args': None, 'catkin_skip_building_tests': False, 'cmake_args': None, 'cmake_clean_cache': False, 'cmake_clean_first': False, 'cmake_force_configure': False, 'cmake_target': None, 'cmake_target_skip_unavailable': False, 'install_base': '/home/arno/RoombaV2Onboard/install/rover_stream', 'merge_install': False, 'path': '/home/arno/RoombaV2Onboard/src/rover_stream', 'symlink_install': False, 'test_result_base': None}
[4.223s] INFO:colcon.colcon_core.executor:Executing jobs using 'parallel' executor
[4.229s] DEBUG:colcon.colcon_parallel_executor.executor.parallel:run_until_complete
[4.231s] INFO:colcon.colcon_ros.task.ament_python.build:Building ROS package in '/home/arno/RoombaV2Onboard/src/RoverReceive' with build type 'ament_python'
[4.233s] Level 1:colcon.colcon_core.shell:create_environment_hook('RoverReceive', 'ament_prefix_path')
[4.269s] INFO:colcon.colcon_core.plugin_system:Skipping extension 'colcon_core.shell.bat': Not used on non-Windows systems
[4.271s] INFO:colcon.colcon_core.shell:Creating environment hook '/home/arno/RoombaV2Onboard/install/RoverReceive/share/RoverReceive/hook/ament_prefix_path.ps1'
[4.279s] INFO:colcon.colcon_core.shell:Creating environment descriptor '/home/arno/RoombaV2Onboard/install/RoverReceive/share/RoverReceive/hook/ament_prefix_path.dsv'
[4.285s] INFO:colcon.colcon_core.shell:Creating environment hook '/home/arno/RoombaV2Onboard/install/RoverReceive/share/RoverReceive/hook/ament_prefix_path.sh'
[4.294s] INFO:colcon.colcon_core.shell:Skip shell extension 'powershell' for command environment: Not usable outside of PowerShell
[4.295s] DEBUG:colcon.colcon_core.shell:Skip shell extension 'dsv' for command environment
[4.327s] INFO:colcon.colcon_ros.task.ament_python.build:Building ROS package in '/home/arno/RoombaV2Onboard/src/rover_stream' with build type 'ament_python'
[4.329s] Level 1:colcon.colcon_core.shell:create_environment_hook('rover_stream', 'ament_prefix_path')
[4.332s] INFO:colcon.colcon_core.shell:Creating environment hook '/home/arno/RoombaV2Onboard/install/rover_stream/share/rover_stream/hook/ament_prefix_path.ps1'
[4.337s] INFO:colcon.colcon_core.shell:Creating environment descriptor '/home/arno/RoombaV2Onboard/install/rover_stream/share/rover_stream/hook/ament_prefix_path.dsv'
[4.342s] INFO:colcon.colcon_core.shell:Creating environment hook '/home/arno/RoombaV2Onboard/install/rover_stream/share/rover_stream/hook/ament_prefix_path.sh'
[4.347s] INFO:colcon.colcon_core.shell:Skip shell extension 'powershell' for command environment: Not usable outside of PowerShell
[4.347s] DEBUG:colcon.colcon_core.shell:Skip shell extension 'dsv' for command environment
[6.634s] INFO:colcon.colcon_core.task.python.build:Building Python package in '/home/arno/RoombaV2Onboard/src/RoverReceive'
[6.636s] INFO:colcon.colcon_core.shell:Skip shell extension 'powershell' for command environment: Not usable outside of PowerShell
[6.636s] DEBUG:colcon.colcon_core.shell:Skip shell extension 'dsv' for command environment
[8.902s] INFO:colcon.colcon_core.task.python.build:Building Python package in '/home/arno/RoombaV2Onboard/src/rover_stream'
[8.904s] INFO:colcon.colcon_core.shell:Skip shell extension 'powershell' for command environment: Not usable outside of PowerShell
[8.904s] DEBUG:colcon.colcon_core.shell:Skip shell extension 'dsv' for command environment
[13.340s] DEBUG:colcon.colcon_core.event_handler.log_command:Invoking command in '/home/arno/RoombaV2Onboard/src/RoverReceive': PYTHONPATH=/home/arno/RoombaV2Onboard/build/RoverReceive/prefix_override:/usr/lib/python3/dist-packages/colcon_core/task/python/colcon_distutils_commands:/home/arno/RoombaV2Onboard/install/RoverReceive/lib/python3.10/site-packages:${PYTHONPATH} /usr/bin/python3 -W ignore:setup.py install is deprecated setup.py egg_info --egg-base ../../build/RoverReceive build --build-base /home/arno/RoombaV2Onboard/build/RoverReceive/build install --record /home/arno/RoombaV2Onboard/build/RoverReceive/install.log --single-version-externally-managed install_data
[13.383s] DEBUG:colcon.colcon_core.event_handler.log_command:Invoking command in '/home/arno/RoombaV2Onboard/src/rover_stream': PYTHONPATH=/home/arno/RoombaV2Onboard/build/rover_stream/prefix_override:/usr/lib/python3/dist-packages/colcon_core/task/python/colcon_distutils_commands:/home/arno/RoombaV2Onboard/install/rover_stream/lib/python3.10/site-packages:${PYTHONPATH} /usr/bin/python3 -W ignore:setup.py install is deprecated setup.py egg_info --egg-base ../../build/rover_stream build --build-base /home/arno/RoombaV2Onboard/build/rover_stream/build install --record /home/arno/RoombaV2Onboard/build/rover_stream/install.log --single-version-externally-managed install_data
[16.301s] DEBUG:colcon.colcon_core.event_handler.log_command:Invoked command in '/home/arno/RoombaV2Onboard/src/rover_stream' returned '0': PYTHONPATH=/home/arno/RoombaV2Onboard/build/rover_stream/prefix_override:/usr/lib/python3/dist-packages/colcon_core/task/python/colcon_distutils_commands:/home/arno/RoombaV2Onboard/install/rover_stream/lib/python3.10/site-packages:${PYTHONPATH} /usr/bin/python3 -W ignore:setup.py install is deprecated setup.py egg_info --egg-base ../../build/rover_stream build --build-base /home/arno/RoombaV2Onboard/build/rover_stream/build install --record /home/arno/RoombaV2Onboard/build/rover_stream/install.log --single-version-externally-managed install_data
[16.349s] Level 1:colcon.colcon_core.environment:checking '/home/arno/RoombaV2Onboard/install/rover_stream' for CMake module files
[16.355s] Level 1:colcon.colcon_core.environment:checking '/home/arno/RoombaV2Onboard/install/rover_stream' for CMake config files
[16.363s] Level 1:colcon.colcon_core.environment:checking '/home/arno/RoombaV2Onboard/install/rover_stream/lib'
[16.364s] Level 1:colcon.colcon_core.environment:checking '/home/arno/RoombaV2Onboard/install/rover_stream/bin'
[16.365s] Level 1:colcon.colcon_core.environment:checking '/home/arno/RoombaV2Onboard/install/rover_stream/lib/pkgconfig/rover_stream.pc'
[16.367s] Level 1:colcon.colcon_core.environment:checking '/home/arno/RoombaV2Onboard/install/rover_stream/lib/python3.10/site-packages'
[16.368s] Level 1:colcon.colcon_core.shell:create_environment_hook('rover_stream', 'pythonpath')
[16.370s] INFO:colcon.colcon_core.shell:Creating environment hook '/home/arno/RoombaV2Onboard/install/rover_stream/share/rover_stream/hook/pythonpath.ps1'
[16.373s] INFO:colcon.colcon_core.shell:Creating environment descriptor '/home/arno/RoombaV2Onboard/install/rover_stream/share/rover_stream/hook/pythonpath.dsv'
[16.376s] INFO:colcon.colcon_core.shell:Creating environment hook '/home/arno/RoombaV2Onboard/install/rover_stream/share/rover_stream/hook/pythonpath.sh'
[16.381s] Level 1:colcon.colcon_core.environment:checking '/home/arno/RoombaV2Onboard/install/rover_stream/bin'
[16.382s] Level 1:colcon.colcon_core.environment:create_environment_scripts_only(rover_stream)
[16.384s] INFO:colcon.colcon_core.shell:Creating package script '/home/arno/RoombaV2Onboard/install/rover_stream/share/rover_stream/package.ps1'
[16.392s] INFO:colcon.colcon_core.shell:Creating package descriptor '/home/arno/RoombaV2Onboard/install/rover_stream/share/rover_stream/package.dsv'
[16.398s] INFO:colcon.colcon_core.shell:Creating package script '/home/arno/RoombaV2Onboard/install/rover_stream/share/rover_stream/package.sh'
[16.406s] INFO:colcon.colcon_core.shell:Creating package script '/home/arno/RoombaV2Onboard/install/rover_stream/share/rover_stream/package.bash'
[16.414s] INFO:colcon.colcon_core.shell:Creating package script '/home/arno/RoombaV2Onboard/install/rover_stream/share/rover_stream/package.zsh'
[16.424s] Level 1:colcon.colcon_core.environment:create_file_with_runtime_dependencies(/home/arno/RoombaV2Onboard/install/rover_stream/share/colcon-core/packages/rover_stream)
[16.433s] Level 1:colcon.colcon_core.environment:checking '/home/arno/RoombaV2Onboard/install/RoverReceive' for CMake module files
[16.439s] DEBUG:colcon.colcon_core.event_handler.log_command:Invoked command in '/home/arno/RoombaV2Onboard/src/RoverReceive' returned '0': PYTHONPATH=/home/arno/RoombaV2Onboard/build/RoverReceive/prefix_override:/usr/lib/python3/dist-packages/colcon_core/task/python/colcon_distutils_commands:/home/arno/RoombaV2Onboard/install/RoverReceive/lib/python3.10/site-packages:${PYTHONPATH} /usr/bin/python3 -W ignore:setup.py install is deprecated setup.py egg_info --egg-base ../../build/RoverReceive build --build-base /home/arno/RoombaV2Onboard/build/RoverReceive/build install --record /home/arno/RoombaV2Onboard/build/RoverReceive/install.log --single-version-externally-managed install_data
[16.442s] Level 1:colcon.colcon_core.environment:checking '/home/arno/RoombaV2Onboard/install/RoverReceive' for CMake config files
[16.449s] Level 1:colcon.colcon_core.environment:checking '/home/arno/RoombaV2Onboard/install/RoverReceive/lib'
[16.450s] Level 1:colcon.colcon_core.environment:checking '/home/arno/RoombaV2Onboard/install/RoverReceive/bin'
[16.451s] Level 1:colcon.colcon_core.environment:checking '/home/arno/RoombaV2Onboard/install/RoverReceive/lib/pkgconfig/RoverReceive.pc'
[16.453s] Level 1:colcon.colcon_core.environment:checking '/home/arno/RoombaV2Onboard/install/RoverReceive/lib/python3.10/site-packages'
[16.454s] Level 1:colcon.colcon_core.shell:create_environment_hook('RoverReceive', 'pythonpath')
[16.456s] INFO:colcon.colcon_core.shell:Creating environment hook '/home/arno/RoombaV2Onboard/install/RoverReceive/share/RoverReceive/hook/pythonpath.ps1'
[16.459s] INFO:colcon.colcon_core.shell:Creating environment descriptor '/home/arno/RoombaV2Onboard/install/RoverReceive/share/RoverReceive/hook/pythonpath.dsv'
[16.463s] INFO:colcon.colcon_core.shell:Creating environment hook '/home/arno/RoombaV2Onboard/install/RoverReceive/share/RoverReceive/hook/pythonpath.sh'
[16.468s] Level 1:colcon.colcon_core.environment:checking '/home/arno/RoombaV2Onboard/install/RoverReceive/bin'
[16.469s] Level 1:colcon.colcon_core.environment:create_environment_scripts_only(RoverReceive)
[16.471s] INFO:colcon.colcon_core.shell:Creating package script '/home/arno/RoombaV2Onboard/install/RoverReceive/share/RoverReceive/package.ps1'
[16.475s] INFO:colcon.colcon_core.shell:Creating package descriptor '/home/arno/RoombaV2Onboard/install/RoverReceive/share/RoverReceive/package.dsv'
[16.479s] INFO:colcon.colcon_core.shell:Creating package script '/home/arno/RoombaV2Onboard/install/RoverReceive/share/RoverReceive/package.sh'
[16.483s] INFO:colcon.colcon_core.shell:Creating package script '/home/arno/RoombaV2Onboard/install/RoverReceive/share/RoverReceive/package.bash'
[16.487s] INFO:colcon.colcon_core.shell:Creating package script '/home/arno/RoombaV2Onboard/install/RoverReceive/share/RoverReceive/package.zsh'
[16.490s] Level 1:colcon.colcon_core.environment:create_file_with_runtime_dependencies(/home/arno/RoombaV2Onboard/install/RoverReceive/share/colcon-core/packages/RoverReceive)
[16.492s] DEBUG:colcon.colcon_parallel_executor.executor.parallel:closing loop
[16.494s] DEBUG:colcon.colcon_parallel_executor.executor.parallel:loop closed
[16.495s] DEBUG:colcon.colcon_parallel_executor.executor.parallel:run_until_complete finished with '0'
[16.496s] DEBUG:colcon.colcon_core.event_reactor:joining thread
[16.545s] INFO:colcon.colcon_core.plugin_system:Skipping extension 'colcon_notification.desktop_notification.notify_send': Could not find 'notify-send'
[16.546s] INFO:colcon.colcon_core.plugin_system:Skipping extension 'colcon_notification.desktop_notification.terminal_notifier': Not used on non-Darwin systems
[16.546s] INFO:colcon.colcon_core.plugin_system:Skipping extension 'colcon_notification.desktop_notification.win32': Not used on non-Windows systems
[16.546s] INFO:colcon.colcon_notification.desktop_notification:Sending desktop notification using 'notify2'
[16.637s] DEBUG:colcon.colcon_notification.desktop_notification.notify2:Failed to initialize notify2: org.freedesktop.DBus.Error.ServiceUnknown: The name org.freedesktop.Notifications was not provided by any .service files
[16.638s] DEBUG:colcon.colcon_core.event_reactor:joined thread
[16.640s] INFO:colcon.colcon_core.shell:Creating prefix script '/home/arno/RoombaV2Onboard/install/local_setup.ps1'
[16.650s] INFO:colcon.colcon_core.shell:Creating prefix util module '/home/arno/RoombaV2Onboard/install/_local_setup_util_ps1.py'
[16.666s] INFO:colcon.colcon_core.shell:Creating prefix chain script '/home/arno/RoombaV2Onboard/install/setup.ps1'
[16.676s] INFO:colcon.colcon_core.shell:Creating prefix script '/home/arno/RoombaV2Onboard/install/local_setup.sh'
[16.682s] INFO:colcon.colcon_core.shell:Creating prefix util module '/home/arno/RoombaV2Onboard/install/_local_setup_util_sh.py'
[16.686s] INFO:colcon.colcon_core.shell:Creating prefix chain script '/home/arno/RoombaV2Onboard/install/setup.sh'
[16.697s] INFO:colcon.colcon_core.shell:Creating prefix script '/home/arno/RoombaV2Onboard/install/local_setup.bash'
[16.703s] INFO:colcon.colcon_core.shell:Creating prefix chain script '/home/arno/RoombaV2Onboard/install/setup.bash'
[16.712s] INFO:colcon.colcon_core.shell:Creating prefix script '/home/arno/RoombaV2Onboard/install/local_setup.zsh'
[16.718s] INFO:colcon.colcon_core.shell:Creating prefix chain script '/home/arno/RoombaV2Onboard/install/setup.zsh'
