[9.122s] Invoking command in '/home/arno/RoombaV2Onboard/src/rover_stream': PYTHONPATH=/home/arno/RoombaV2Onboard/build/rover_stream/prefix_override:/usr/lib/python3/dist-packages/colcon_core/task/python/colcon_distutils_commands:/home/arno/RoombaV2Onboard/install/rover_stream/lib/python3.10/site-packages:${PYTHONPATH} /usr/bin/python3 -W ignore:setup.py install is deprecated setup.py egg_info --egg-base ../../build/rover_stream build --build-base /home/arno/RoombaV2Onboard/build/rover_stream/build install --record /home/arno/RoombaV2Onboard/build/rover_stream/install.log --single-version-externally-managed install_data
[11.510s] running egg_info
[11.515s] writing ../../build/rover_stream/rover_stream.egg-info/PKG-INFO
[11.518s] writing dependency_links to ../../build/rover_stream/rover_stream.egg-info/dependency_links.txt
[11.521s] writing entry points to ../../build/rover_stream/rover_stream.egg-info/entry_points.txt
[11.523s] writing requirements to ../../build/rover_stream/rover_stream.egg-info/requires.txt
[11.524s] writing top-level names to ../../build/rover_stream/rover_stream.egg-info/top_level.txt
[11.534s] reading manifest file '../../build/rover_stream/rover_stream.egg-info/SOURCES.txt'
[11.544s] writing manifest file '../../build/rover_stream/rover_stream.egg-info/SOURCES.txt'
[11.545s] running build
[11.546s] running install
[11.548s] running install_data
[11.551s] copying package.xml -> /home/arno/RoombaV2Onboard/install/rover_stream/share/rover_stream
[11.553s] running install_egg_info
[11.573s] removing '/home/arno/RoombaV2Onboard/install/rover_stream/lib/python3.10/site-packages/rover_stream-0.0.0-py3.10.egg-info' (and everything under it)
[11.576s] Copying ../../build/rover_stream/rover_stream.egg-info to /home/arno/RoombaV2Onboard/install/rover_stream/lib/python3.10/site-packages/rover_stream-0.0.0-py3.10.egg-info
[11.590s] running install_scripts
[11.770s] Installing streamer_node script to /home/arno/RoombaV2Onboard/install/rover_stream/lib/rover_stream
[11.772s] writing list of installed files to '/home/arno/RoombaV2Onboard/build/rover_stream/install.log'
[12.053s] Invoked command in '/home/arno/RoombaV2Onboard/src/rover_stream' returned '0': PYTHONPATH=/home/arno/RoombaV2Onboard/build/rover_stream/prefix_override:/usr/lib/python3/dist-packages/colcon_core/task/python/colcon_distutils_commands:/home/arno/RoombaV2Onboard/install/rover_stream/lib/python3.10/site-packages:${PYTHONPATH} /usr/bin/python3 -W ignore:setup.py install is deprecated setup.py egg_info --egg-base ../../build/rover_stream build --build-base /home/arno/RoombaV2Onboard/build/rover_stream/build install --record /home/arno/RoombaV2Onboard/build/rover_stream/install.log --single-version-externally-managed install_data
